
*** Running vivado
    with args -log design_1_xadc_wiz_0_0.vds -m64 -product Vivado -mode batch -messageDb vivado.pb -notrace -source design_1_xadc_wiz_0_0.tcl



****** Vivado v2021.1 (64-bit)
  **** SW Build 3247384 on Thu Jun 10 19:36:33 MDT 2021
  **** IP Build 3246043 on Fri Jun 11 00:30:35 MDT 2021
    ** Copyright 1986-2021 Xilinx, Inc. All Rights Reserved.

source design_1_xadc_wiz_0_0.tcl -notrace
INFO: [IP_Flow 19-234] Refreshing IP repositories
INFO: [IP_Flow 19-1700] Loaded user IP repository 'f:/projet_m2/mk1/mk1/solution1/impl'.
INFO: [IP_Flow 19-2313] Loaded Vivado IP repository 'C:/Xilinx/Vivado/2021.1/data/ip'.
Command: synth_design -top design_1_xadc_wiz_0_0 -part xc7z010clg400-1 -mode out_of_context
Starting synth_design
Attempting to get a license for feature 'Synthesis' and/or device 'xc7z010'
INFO: [Common 17-349] Got license for feature 'Synthesis' and/or device 'xc7z010'
INFO: [Device 21-403] Loading part xc7z010clg400-1
INFO: [Synth 8-7079] Multithreading enabled for synth_design using a maximum of 2 processes.
INFO: [Synth 8-7078] Launching helper process for spawning children vivado processes
INFO: [Synth 8-7075] Helper process launched with PID 38748
---------------------------------------------------------------------------------
Starting RTL Elaboration : Time (s): cpu = 00:00:04 ; elapsed = 00:00:04 . Memory (MB): peak = 1451.234 ; gain = 220.301
---------------------------------------------------------------------------------
INFO: [Synth 8-638] synthesizing module 'design_1_xadc_wiz_0_0' [f:/projet_m2/mk1/mk1_implement/mk1_implement.gen/sources_1/bd/design_1/ip/design_1_xadc_wiz_0_0/design_1_xadc_wiz_0_0.vhd:98]
	Parameter C_INSTANCE bound to: design_1_xadc_wiz_0_0_axi_xadc - type: string 
	Parameter C_FAMILY bound to: virtex7 - type: string 
	Parameter C_S_AXI_ADDR_WIDTH bound to: 11 - type: integer 
	Parameter C_S_AXI_DATA_WIDTH bound to: 32 - type: integer 
	Parameter C_INCLUDE_INTR bound to: 1 - type: integer 
	Parameter C_SIM_MONITOR_FILE bound to: design.txt - type: string 
INFO: [Synth 8-3491] module 'design_1_xadc_wiz_0_0_axi_xadc' declared at 'f:/projet_m2/mk1/mk1_implement/mk1_implement.gen/sources_1/bd/design_1/ip/design_1_xadc_wiz_0_0/design_1_xadc_wiz_0_0_axi_xadc.vhd:143' bound to instance 'U0' of component 'design_1_xadc_wiz_0_0_axi_xadc' [f:/projet_m2/mk1/mk1_implement/mk1_implement.gen/sources_1/bd/design_1/ip/design_1_xadc_wiz_0_0/design_1_xadc_wiz_0_0.vhd:172]
INFO: [Synth 8-638] synthesizing module 'design_1_xadc_wiz_0_0_axi_xadc' [f:/projet_m2/mk1/mk1_implement/mk1_implement.gen/sources_1/bd/design_1/ip/design_1_xadc_wiz_0_0/design_1_xadc_wiz_0_0_axi_xadc.vhd:235]
	Parameter C_INSTANCE bound to: design_1_xadc_wiz_0_0_axi_xadc - type: string 
	Parameter C_FAMILY bound to: virtex7 - type: string 
	Parameter C_S_AXI_ADDR_WIDTH bound to: 11 - type: integer 
	Parameter C_S_AXI_DATA_WIDTH bound to: 32 - type: integer 
	Parameter C_INCLUDE_INTR bound to: 1 - type: integer 
	Parameter C_SIM_MONITOR_FILE bound to: design.txt - type: string 
INFO: [Synth 8-638] synthesizing module 'design_1_xadc_wiz_0_0_axi_lite_ipif' [f:/projet_m2/mk1/mk1_implement/mk1_implement.gen/sources_1/bd/design_1/ip/design_1_xadc_wiz_0_0/axi_lite_ipif_v1_01_a/hdl/src/vhdl/design_1_xadc_wiz_0_0_axi_lite_ipif.vhd:241]
	Parameter C_S_AXI_DATA_WIDTH bound to: 32 - type: integer 
	Parameter C_S_AXI_ADDR_WIDTH bound to: 11 - type: integer 
	Parameter C_S_AXI_MIN_SIZE bound to: 32'b00000000000000000000001111111111 
	Parameter C_USE_WSTRB bound to: 1 - type: integer 
	Parameter C_DPHASE_TIMEOUT bound to: 64 - type: integer 
	Parameter C_ARD_ADDR_RANGE_ARRAY bound to: 384'b000000000000000000000000000000000000000000000000000000000000000000000000000000000000000000000000000000000000000000000000000111110000000000000000000000000000000000000000000000000000000001000000000000000000000000000000000000000000000000000000000000000111111100000000000000000000000000000000000000000000000000000010000000000000000000000000000000000000000000000000000000000000001111111111 
	Parameter C_ARD_NUM_CE_ARRAY bound to: 96'b000000000000000000000000000010000000000000000000000000000001000000000000000000000000000000000001 
	Parameter C_FAMILY bound to: virtex7 - type: string 
INFO: [Synth 8-638] synthesizing module 'design_1_xadc_wiz_0_0_slave_attachment' [f:/projet_m2/mk1/mk1_implement/mk1_implement.gen/sources_1/bd/design_1/ip/design_1_xadc_wiz_0_0/axi_lite_ipif_v1_01_a/hdl/src/vhdl/design_1_xadc_wiz_0_0_slave_attachment.vhd:227]
	Parameter C_ARD_ADDR_RANGE_ARRAY bound to: 384'b000000000000000000000000000000000000000000000000000000000000000000000000000000000000000000000000000000000000000000000000000111110000000000000000000000000000000000000000000000000000000001000000000000000000000000000000000000000000000000000000000000000111111100000000000000000000000000000000000000000000000000000010000000000000000000000000000000000000000000000000000000000000001111111111 
	Parameter C_ARD_NUM_CE_ARRAY bound to: 96'b000000000000000000000000000010000000000000000000000000000001000000000000000000000000000000000001 
	Parameter C_IPIF_ABUS_WIDTH bound to: 11 - type: integer 
	Parameter C_IPIF_DBUS_WIDTH bound to: 32 - type: integer 
	Parameter C_S_AXI_MIN_SIZE bound to: 1023 - type: integer 
	Parameter C_USE_WSTRB bound to: 1 - type: integer 
	Parameter C_DPHASE_TIMEOUT bound to: 64 - type: integer 
	Parameter C_FAMILY bound to: virtex7 - type: string 
INFO: [Synth 8-638] synthesizing module 'design_1_xadc_wiz_0_0_address_decoder' [f:/projet_m2/mk1/mk1_implement/mk1_implement.gen/sources_1/bd/design_1/ip/design_1_xadc_wiz_0_0/axi_lite_ipif_v1_01_a/hdl/src/vhdl/design_1_xadc_wiz_0_0_address_decoder.vhd:176]
	Parameter C_BUS_AWIDTH bound to: 10 - type: integer 
	Parameter C_S_AXI_MIN_SIZE bound to: 1023 - type: integer 
	Parameter C_ARD_ADDR_RANGE_ARRAY bound to: 384'b000000000000000000000000000000000000000000000000000000000000000000000000000000000000000000000000000000000000000000000000000111110000000000000000000000000000000000000000000000000000000001000000000000000000000000000000000000000000000000000000000000000111111100000000000000000000000000000000000000000000000000000010000000000000000000000000000000000000000000000000000000000000001111111111 
	Parameter C_ARD_NUM_CE_ARRAY bound to: 96'b000000000000000000000000000010000000000000000000000000000001000000000000000000000000000000000001 
	Parameter C_FAMILY bound to: nofamily - type: string 
INFO: [Synth 8-638] synthesizing module 'design_1_xadc_wiz_0_0_pselect_f' [f:/projet_m2/mk1/mk1_implement/mk1_implement.gen/sources_1/bd/design_1/ip/design_1_xadc_wiz_0_0/proc_common_v3_30_a/hdl/src/vhdl/design_1_xadc_wiz_0_0_pselect_f.vhd:167]
	Parameter C_AB bound to: 5 - type: integer 
	Parameter C_AW bound to: 10 - type: integer 
	Parameter C_BAR bound to: 10'b0000000000 
	Parameter C_FAMILY bound to: nofamily - type: string 
INFO: [Synth 8-256] done synthesizing module 'design_1_xadc_wiz_0_0_pselect_f' (1#1) [f:/projet_m2/mk1/mk1_implement/mk1_implement.gen/sources_1/bd/design_1/ip/design_1_xadc_wiz_0_0/proc_common_v3_30_a/hdl/src/vhdl/design_1_xadc_wiz_0_0_pselect_f.vhd:167]
INFO: [Synth 8-638] synthesizing module 'design_1_xadc_wiz_0_0_pselect_f__parameterized0' [f:/projet_m2/mk1/mk1_implement/mk1_implement.gen/sources_1/bd/design_1/ip/design_1_xadc_wiz_0_0/proc_common_v3_30_a/hdl/src/vhdl/design_1_xadc_wiz_0_0_pselect_f.vhd:167]
	Parameter C_AB bound to: 3 - type: integer 
	Parameter C_AW bound to: 3 - type: integer 
	Parameter C_BAR bound to: 3'b000 
	Parameter C_FAMILY bound to: nofamily - type: string 
INFO: [Synth 8-256] done synthesizing module 'design_1_xadc_wiz_0_0_pselect_f__parameterized0' (1#1) [f:/projet_m2/mk1/mk1_implement/mk1_implement.gen/sources_1/bd/design_1/ip/design_1_xadc_wiz_0_0/proc_common_v3_30_a/hdl/src/vhdl/design_1_xadc_wiz_0_0_pselect_f.vhd:167]
INFO: [Synth 8-638] synthesizing module 'design_1_xadc_wiz_0_0_pselect_f__parameterized1' [f:/projet_m2/mk1/mk1_implement/mk1_implement.gen/sources_1/bd/design_1/ip/design_1_xadc_wiz_0_0/proc_common_v3_30_a/hdl/src/vhdl/design_1_xadc_wiz_0_0_pselect_f.vhd:167]
	Parameter C_AB bound to: 3 - type: integer 
	Parameter C_AW bound to: 3 - type: integer 
	Parameter C_BAR bound to: 3'b001 
	Parameter C_FAMILY bound to: nofamily - type: string 
INFO: [Synth 8-256] done synthesizing module 'design_1_xadc_wiz_0_0_pselect_f__parameterized1' (1#1) [f:/projet_m2/mk1/mk1_implement/mk1_implement.gen/sources_1/bd/design_1/ip/design_1_xadc_wiz_0_0/proc_common_v3_30_a/hdl/src/vhdl/design_1_xadc_wiz_0_0_pselect_f.vhd:167]
INFO: [Synth 8-638] synthesizing module 'design_1_xadc_wiz_0_0_pselect_f__parameterized2' [f:/projet_m2/mk1/mk1_implement/mk1_implement.gen/sources_1/bd/design_1/ip/design_1_xadc_wiz_0_0/proc_common_v3_30_a/hdl/src/vhdl/design_1_xadc_wiz_0_0_pselect_f.vhd:167]
	Parameter C_AB bound to: 3 - type: integer 
	Parameter C_AW bound to: 3 - type: integer 
	Parameter C_BAR bound to: 3'b010 
	Parameter C_FAMILY bound to: nofamily - type: string 
INFO: [Synth 8-256] done synthesizing module 'design_1_xadc_wiz_0_0_pselect_f__parameterized2' (1#1) [f:/projet_m2/mk1/mk1_implement/mk1_implement.gen/sources_1/bd/design_1/ip/design_1_xadc_wiz_0_0/proc_common_v3_30_a/hdl/src/vhdl/design_1_xadc_wiz_0_0_pselect_f.vhd:167]
INFO: [Synth 8-638] synthesizing module 'design_1_xadc_wiz_0_0_pselect_f__parameterized3' [f:/projet_m2/mk1/mk1_implement/mk1_implement.gen/sources_1/bd/design_1/ip/design_1_xadc_wiz_0_0/proc_common_v3_30_a/hdl/src/vhdl/design_1_xadc_wiz_0_0_pselect_f.vhd:167]
	Parameter C_AB bound to: 3 - type: integer 
	Parameter C_AW bound to: 3 - type: integer 
	Parameter C_BAR bound to: 3'b011 
	Parameter C_FAMILY bound to: nofamily - type: string 
INFO: [Synth 8-256] done synthesizing module 'design_1_xadc_wiz_0_0_pselect_f__parameterized3' (1#1) [f:/projet_m2/mk1/mk1_implement/mk1_implement.gen/sources_1/bd/design_1/ip/design_1_xadc_wiz_0_0/proc_common_v3_30_a/hdl/src/vhdl/design_1_xadc_wiz_0_0_pselect_f.vhd:167]
INFO: [Synth 8-638] synthesizing module 'design_1_xadc_wiz_0_0_pselect_f__parameterized4' [f:/projet_m2/mk1/mk1_implement/mk1_implement.gen/sources_1/bd/design_1/ip/design_1_xadc_wiz_0_0/proc_common_v3_30_a/hdl/src/vhdl/design_1_xadc_wiz_0_0_pselect_f.vhd:167]
	Parameter C_AB bound to: 3 - type: integer 
	Parameter C_AW bound to: 3 - type: integer 
	Parameter C_BAR bound to: 3'b100 
	Parameter C_FAMILY bound to: nofamily - type: string 
INFO: [Synth 8-256] done synthesizing module 'design_1_xadc_wiz_0_0_pselect_f__parameterized4' (1#1) [f:/projet_m2/mk1/mk1_implement/mk1_implement.gen/sources_1/bd/design_1/ip/design_1_xadc_wiz_0_0/proc_common_v3_30_a/hdl/src/vhdl/design_1_xadc_wiz_0_0_pselect_f.vhd:167]
INFO: [Synth 8-638] synthesizing module 'design_1_xadc_wiz_0_0_pselect_f__parameterized5' [f:/projet_m2/mk1/mk1_implement/mk1_implement.gen/sources_1/bd/design_1/ip/design_1_xadc_wiz_0_0/proc_common_v3_30_a/hdl/src/vhdl/design_1_xadc_wiz_0_0_pselect_f.vhd:167]
	Parameter C_AB bound to: 3 - type: integer 
	Parameter C_AW bound to: 3 - type: integer 
	Parameter C_BAR bound to: 3'b101 
	Parameter C_FAMILY bound to: nofamily - type: string 
INFO: [Synth 8-256] done synthesizing module 'design_1_xadc_wiz_0_0_pselect_f__parameterized5' (1#1) [f:/projet_m2/mk1/mk1_implement/mk1_implement.gen/sources_1/bd/design_1/ip/design_1_xadc_wiz_0_0/proc_common_v3_30_a/hdl/src/vhdl/design_1_xadc_wiz_0_0_pselect_f.vhd:167]
INFO: [Synth 8-638] synthesizing module 'design_1_xadc_wiz_0_0_pselect_f__parameterized6' [f:/projet_m2/mk1/mk1_implement/mk1_implement.gen/sources_1/bd/design_1/ip/design_1_xadc_wiz_0_0/proc_common_v3_30_a/hdl/src/vhdl/design_1_xadc_wiz_0_0_pselect_f.vhd:167]
	Parameter C_AB bound to: 3 - type: integer 
	Parameter C_AW bound to: 3 - type: integer 
	Parameter C_BAR bound to: 3'b110 
	Parameter C_FAMILY bound to: nofamily - type: string 
INFO: [Synth 8-256] done synthesizing module 'design_1_xadc_wiz_0_0_pselect_f__parameterized6' (1#1) [f:/projet_m2/mk1/mk1_implement/mk1_implement.gen/sources_1/bd/design_1/ip/design_1_xadc_wiz_0_0/proc_common_v3_30_a/hdl/src/vhdl/design_1_xadc_wiz_0_0_pselect_f.vhd:167]
INFO: [Synth 8-638] synthesizing module 'design_1_xadc_wiz_0_0_pselect_f__parameterized7' [f:/projet_m2/mk1/mk1_implement/mk1_implement.gen/sources_1/bd/design_1/ip/design_1_xadc_wiz_0_0/proc_common_v3_30_a/hdl/src/vhdl/design_1_xadc_wiz_0_0_pselect_f.vhd:167]
	Parameter C_AB bound to: 3 - type: integer 
	Parameter C_AW bound to: 3 - type: integer 
	Parameter C_BAR bound to: 3'b111 
	Parameter C_FAMILY bound to: nofamily - type: string 
INFO: [Synth 8-256] done synthesizing module 'design_1_xadc_wiz_0_0_pselect_f__parameterized7' (1#1) [f:/projet_m2/mk1/mk1_implement/mk1_implement.gen/sources_1/bd/design_1/ip/design_1_xadc_wiz_0_0/proc_common_v3_30_a/hdl/src/vhdl/design_1_xadc_wiz_0_0_pselect_f.vhd:167]
INFO: [Synth 8-638] synthesizing module 'design_1_xadc_wiz_0_0_pselect_f__parameterized8' [f:/projet_m2/mk1/mk1_implement/mk1_implement.gen/sources_1/bd/design_1/ip/design_1_xadc_wiz_0_0/proc_common_v3_30_a/hdl/src/vhdl/design_1_xadc_wiz_0_0_pselect_f.vhd:167]
	Parameter C_AB bound to: 4 - type: integer 
	Parameter C_AW bound to: 10 - type: integer 
	Parameter C_BAR bound to: 10'b0001000000 
	Parameter C_FAMILY bound to: nofamily - type: string 
INFO: [Synth 8-256] done synthesizing module 'design_1_xadc_wiz_0_0_pselect_f__parameterized8' (1#1) [f:/projet_m2/mk1/mk1_implement/mk1_implement.gen/sources_1/bd/design_1/ip/design_1_xadc_wiz_0_0/proc_common_v3_30_a/hdl/src/vhdl/design_1_xadc_wiz_0_0_pselect_f.vhd:167]
INFO: [Synth 8-638] synthesizing module 'design_1_xadc_wiz_0_0_pselect_f__parameterized9' [f:/projet_m2/mk1/mk1_implement/mk1_implement.gen/sources_1/bd/design_1/ip/design_1_xadc_wiz_0_0/proc_common_v3_30_a/hdl/src/vhdl/design_1_xadc_wiz_0_0_pselect_f.vhd:167]
	Parameter C_AB bound to: 4 - type: integer 
	Parameter C_AW bound to: 4 - type: integer 
	Parameter C_BAR bound to: 4'b0000 
	Parameter C_FAMILY bound to: nofamily - type: string 
INFO: [Synth 8-256] done synthesizing module 'design_1_xadc_wiz_0_0_pselect_f__parameterized9' (1#1) [f:/projet_m2/mk1/mk1_implement/mk1_implement.gen/sources_1/bd/design_1/ip/design_1_xadc_wiz_0_0/proc_common_v3_30_a/hdl/src/vhdl/design_1_xadc_wiz_0_0_pselect_f.vhd:167]
INFO: [Synth 8-638] synthesizing module 'design_1_xadc_wiz_0_0_pselect_f__parameterized10' [f:/projet_m2/mk1/mk1_implement/mk1_implement.gen/sources_1/bd/design_1/ip/design_1_xadc_wiz_0_0/proc_common_v3_30_a/hdl/src/vhdl/design_1_xadc_wiz_0_0_pselect_f.vhd:167]
	Parameter C_AB bound to: 4 - type: integer 
	Parameter C_AW bound to: 4 - type: integer 
	Parameter C_BAR bound to: 4'b0001 
	Parameter C_FAMILY bound to: nofamily - type: string 
INFO: [Synth 8-256] done synthesizing module 'design_1_xadc_wiz_0_0_pselect_f__parameterized10' (1#1) [f:/projet_m2/mk1/mk1_implement/mk1_implement.gen/sources_1/bd/design_1/ip/design_1_xadc_wiz_0_0/proc_common_v3_30_a/hdl/src/vhdl/design_1_xadc_wiz_0_0_pselect_f.vhd:167]
INFO: [Synth 8-638] synthesizing module 'design_1_xadc_wiz_0_0_pselect_f__parameterized11' [f:/projet_m2/mk1/mk1_implement/mk1_implement.gen/sources_1/bd/design_1/ip/design_1_xadc_wiz_0_0/proc_common_v3_30_a/hdl/src/vhdl/design_1_xadc_wiz_0_0_pselect_f.vhd:167]
	Parameter C_AB bound to: 4 - type: integer 
	Parameter C_AW bound to: 4 - type: integer 
	Parameter C_BAR bound to: 4'b0010 
	Parameter C_FAMILY bound to: nofamily - type: string 
INFO: [Synth 8-256] done synthesizing module 'design_1_xadc_wiz_0_0_pselect_f__parameterized11' (1#1) [f:/projet_m2/mk1/mk1_implement/mk1_implement.gen/sources_1/bd/design_1/ip/design_1_xadc_wiz_0_0/proc_common_v3_30_a/hdl/src/vhdl/design_1_xadc_wiz_0_0_pselect_f.vhd:167]
INFO: [Synth 8-638] synthesizing module 'design_1_xadc_wiz_0_0_pselect_f__parameterized12' [f:/projet_m2/mk1/mk1_implement/mk1_implement.gen/sources_1/bd/design_1/ip/design_1_xadc_wiz_0_0/proc_common_v3_30_a/hdl/src/vhdl/design_1_xadc_wiz_0_0_pselect_f.vhd:167]
	Parameter C_AB bound to: 4 - type: integer 
	Parameter C_AW bound to: 4 - type: integer 
	Parameter C_BAR bound to: 4'b0011 
	Parameter C_FAMILY bound to: nofamily - type: string 
INFO: [Synth 8-256] done synthesizing module 'design_1_xadc_wiz_0_0_pselect_f__parameterized12' (1#1) [f:/projet_m2/mk1/mk1_implement/mk1_implement.gen/sources_1/bd/design_1/ip/design_1_xadc_wiz_0_0/proc_common_v3_30_a/hdl/src/vhdl/design_1_xadc_wiz_0_0_pselect_f.vhd:167]
INFO: [Synth 8-638] synthesizing module 'design_1_xadc_wiz_0_0_pselect_f__parameterized13' [f:/projet_m2/mk1/mk1_implement/mk1_implement.gen/sources_1/bd/design_1/ip/design_1_xadc_wiz_0_0/proc_common_v3_30_a/hdl/src/vhdl/design_1_xadc_wiz_0_0_pselect_f.vhd:167]
	Parameter C_AB bound to: 4 - type: integer 
	Parameter C_AW bound to: 4 - type: integer 
	Parameter C_BAR bound to: 4'b0100 
	Parameter C_FAMILY bound to: nofamily - type: string 
INFO: [Synth 8-256] done synthesizing module 'design_1_xadc_wiz_0_0_pselect_f__parameterized13' (1#1) [f:/projet_m2/mk1/mk1_implement/mk1_implement.gen/sources_1/bd/design_1/ip/design_1_xadc_wiz_0_0/proc_common_v3_30_a/hdl/src/vhdl/design_1_xadc_wiz_0_0_pselect_f.vhd:167]
INFO: [Synth 8-638] synthesizing module 'design_1_xadc_wiz_0_0_pselect_f__parameterized14' [f:/projet_m2/mk1/mk1_implement/mk1_implement.gen/sources_1/bd/design_1/ip/design_1_xadc_wiz_0_0/proc_common_v3_30_a/hdl/src/vhdl/design_1_xadc_wiz_0_0_pselect_f.vhd:167]
	Parameter C_AB bound to: 4 - type: integer 
	Parameter C_AW bound to: 4 - type: integer 
	Parameter C_BAR bound to: 4'b0101 
	Parameter C_FAMILY bound to: nofamily - type: string 
INFO: [Synth 8-256] done synthesizing module 'design_1_xadc_wiz_0_0_pselect_f__parameterized14' (1#1) [f:/projet_m2/mk1/mk1_implement/mk1_implement.gen/sources_1/bd/design_1/ip/design_1_xadc_wiz_0_0/proc_common_v3_30_a/hdl/src/vhdl/design_1_xadc_wiz_0_0_pselect_f.vhd:167]
INFO: [Synth 8-638] synthesizing module 'design_1_xadc_wiz_0_0_pselect_f__parameterized15' [f:/projet_m2/mk1/mk1_implement/mk1_implement.gen/sources_1/bd/design_1/ip/design_1_xadc_wiz_0_0/proc_common_v3_30_a/hdl/src/vhdl/design_1_xadc_wiz_0_0_pselect_f.vhd:167]
	Parameter C_AB bound to: 4 - type: integer 
	Parameter C_AW bound to: 4 - type: integer 
	Parameter C_BAR bound to: 4'b0110 
	Parameter C_FAMILY bound to: nofamily - type: string 
INFO: [Synth 8-256] done synthesizing module 'design_1_xadc_wiz_0_0_pselect_f__parameterized15' (1#1) [f:/projet_m2/mk1/mk1_implement/mk1_implement.gen/sources_1/bd/design_1/ip/design_1_xadc_wiz_0_0/proc_common_v3_30_a/hdl/src/vhdl/design_1_xadc_wiz_0_0_pselect_f.vhd:167]
INFO: [Synth 8-638] synthesizing module 'design_1_xadc_wiz_0_0_pselect_f__parameterized16' [f:/projet_m2/mk1/mk1_implement/mk1_implement.gen/sources_1/bd/design_1/ip/design_1_xadc_wiz_0_0/proc_common_v3_30_a/hdl/src/vhdl/design_1_xadc_wiz_0_0_pselect_f.vhd:167]
	Parameter C_AB bound to: 4 - type: integer 
	Parameter C_AW bound to: 4 - type: integer 
	Parameter C_BAR bound to: 4'b0111 
	Parameter C_FAMILY bound to: nofamily - type: string 
INFO: [Synth 8-256] done synthesizing module 'design_1_xadc_wiz_0_0_pselect_f__parameterized16' (1#1) [f:/projet_m2/mk1/mk1_implement/mk1_implement.gen/sources_1/bd/design_1/ip/design_1_xadc_wiz_0_0/proc_common_v3_30_a/hdl/src/vhdl/design_1_xadc_wiz_0_0_pselect_f.vhd:167]
INFO: [Synth 8-638] synthesizing module 'design_1_xadc_wiz_0_0_pselect_f__parameterized17' [f:/projet_m2/mk1/mk1_implement/mk1_implement.gen/sources_1/bd/design_1/ip/design_1_xadc_wiz_0_0/proc_common_v3_30_a/hdl/src/vhdl/design_1_xadc_wiz_0_0_pselect_f.vhd:167]
	Parameter C_AB bound to: 4 - type: integer 
	Parameter C_AW bound to: 4 - type: integer 
	Parameter C_BAR bound to: 4'b1000 
	Parameter C_FAMILY bound to: nofamily - type: string 
INFO: [Synth 8-256] done synthesizing module 'design_1_xadc_wiz_0_0_pselect_f__parameterized17' (1#1) [f:/projet_m2/mk1/mk1_implement/mk1_implement.gen/sources_1/bd/design_1/ip/design_1_xadc_wiz_0_0/proc_common_v3_30_a/hdl/src/vhdl/design_1_xadc_wiz_0_0_pselect_f.vhd:167]
INFO: [Synth 8-638] synthesizing module 'design_1_xadc_wiz_0_0_pselect_f__parameterized18' [f:/projet_m2/mk1/mk1_implement/mk1_implement.gen/sources_1/bd/design_1/ip/design_1_xadc_wiz_0_0/proc_common_v3_30_a/hdl/src/vhdl/design_1_xadc_wiz_0_0_pselect_f.vhd:167]
	Parameter C_AB bound to: 4 - type: integer 
	Parameter C_AW bound to: 4 - type: integer 
	Parameter C_BAR bound to: 4'b1001 
	Parameter C_FAMILY bound to: nofamily - type: string 
INFO: [Synth 8-256] done synthesizing module 'design_1_xadc_wiz_0_0_pselect_f__parameterized18' (1#1) [f:/projet_m2/mk1/mk1_implement/mk1_implement.gen/sources_1/bd/design_1/ip/design_1_xadc_wiz_0_0/proc_common_v3_30_a/hdl/src/vhdl/design_1_xadc_wiz_0_0_pselect_f.vhd:167]
INFO: [Synth 8-638] synthesizing module 'design_1_xadc_wiz_0_0_pselect_f__parameterized19' [f:/projet_m2/mk1/mk1_implement/mk1_implement.gen/sources_1/bd/design_1/ip/design_1_xadc_wiz_0_0/proc_common_v3_30_a/hdl/src/vhdl/design_1_xadc_wiz_0_0_pselect_f.vhd:167]
	Parameter C_AB bound to: 4 - type: integer 
	Parameter C_AW bound to: 4 - type: integer 
	Parameter C_BAR bound to: 4'b1010 
	Parameter C_FAMILY bound to: nofamily - type: string 
INFO: [Synth 8-256] done synthesizing module 'design_1_xadc_wiz_0_0_pselect_f__parameterized19' (1#1) [f:/projet_m2/mk1/mk1_implement/mk1_implement.gen/sources_1/bd/design_1/ip/design_1_xadc_wiz_0_0/proc_common_v3_30_a/hdl/src/vhdl/design_1_xadc_wiz_0_0_pselect_f.vhd:167]
INFO: [Synth 8-638] synthesizing module 'design_1_xadc_wiz_0_0_pselect_f__parameterized20' [f:/projet_m2/mk1/mk1_implement/mk1_implement.gen/sources_1/bd/design_1/ip/design_1_xadc_wiz_0_0/proc_common_v3_30_a/hdl/src/vhdl/design_1_xadc_wiz_0_0_pselect_f.vhd:167]
	Parameter C_AB bound to: 4 - type: integer 
	Parameter C_AW bound to: 4 - type: integer 
	Parameter C_BAR bound to: 4'b1011 
	Parameter C_FAMILY bound to: nofamily - type: string 
INFO: [Synth 8-256] done synthesizing module 'design_1_xadc_wiz_0_0_pselect_f__parameterized20' (1#1) [f:/projet_m2/mk1/mk1_implement/mk1_implement.gen/sources_1/bd/design_1/ip/design_1_xadc_wiz_0_0/proc_common_v3_30_a/hdl/src/vhdl/design_1_xadc_wiz_0_0_pselect_f.vhd:167]
INFO: [Synth 8-638] synthesizing module 'design_1_xadc_wiz_0_0_pselect_f__parameterized21' [f:/projet_m2/mk1/mk1_implement/mk1_implement.gen/sources_1/bd/design_1/ip/design_1_xadc_wiz_0_0/proc_common_v3_30_a/hdl/src/vhdl/design_1_xadc_wiz_0_0_pselect_f.vhd:167]
	Parameter C_AB bound to: 4 - type: integer 
	Parameter C_AW bound to: 4 - type: integer 
	Parameter C_BAR bound to: 4'b1100 
	Parameter C_FAMILY bound to: nofamily - type: string 
INFO: [Synth 8-256] done synthesizing module 'design_1_xadc_wiz_0_0_pselect_f__parameterized21' (1#1) [f:/projet_m2/mk1/mk1_implement/mk1_implement.gen/sources_1/bd/design_1/ip/design_1_xadc_wiz_0_0/proc_common_v3_30_a/hdl/src/vhdl/design_1_xadc_wiz_0_0_pselect_f.vhd:167]
INFO: [Synth 8-638] synthesizing module 'design_1_xadc_wiz_0_0_pselect_f__parameterized22' [f:/projet_m2/mk1/mk1_implement/mk1_implement.gen/sources_1/bd/design_1/ip/design_1_xadc_wiz_0_0/proc_common_v3_30_a/hdl/src/vhdl/design_1_xadc_wiz_0_0_pselect_f.vhd:167]
	Parameter C_AB bound to: 4 - type: integer 
	Parameter C_AW bound to: 4 - type: integer 
	Parameter C_BAR bound to: 4'b1101 
	Parameter C_FAMILY bound to: nofamily - type: string 
INFO: [Synth 8-256] done synthesizing module 'design_1_xadc_wiz_0_0_pselect_f__parameterized22' (1#1) [f:/projet_m2/mk1/mk1_implement/mk1_implement.gen/sources_1/bd/design_1/ip/design_1_xadc_wiz_0_0/proc_common_v3_30_a/hdl/src/vhdl/design_1_xadc_wiz_0_0_pselect_f.vhd:167]
INFO: [Synth 8-638] synthesizing module 'design_1_xadc_wiz_0_0_pselect_f__parameterized23' [f:/projet_m2/mk1/mk1_implement/mk1_implement.gen/sources_1/bd/design_1/ip/design_1_xadc_wiz_0_0/proc_common_v3_30_a/hdl/src/vhdl/design_1_xadc_wiz_0_0_pselect_f.vhd:167]
	Parameter C_AB bound to: 4 - type: integer 
	Parameter C_AW bound to: 4 - type: integer 
	Parameter C_BAR bound to: 4'b1110 
	Parameter C_FAMILY bound to: nofamily - type: string 
INFO: [Synth 8-256] done synthesizing module 'design_1_xadc_wiz_0_0_pselect_f__parameterized23' (1#1) [f:/projet_m2/mk1/mk1_implement/mk1_implement.gen/sources_1/bd/design_1/ip/design_1_xadc_wiz_0_0/proc_common_v3_30_a/hdl/src/vhdl/design_1_xadc_wiz_0_0_pselect_f.vhd:167]
INFO: [Synth 8-638] synthesizing module 'design_1_xadc_wiz_0_0_pselect_f__parameterized24' [f:/projet_m2/mk1/mk1_implement/mk1_implement.gen/sources_1/bd/design_1/ip/design_1_xadc_wiz_0_0/proc_common_v3_30_a/hdl/src/vhdl/design_1_xadc_wiz_0_0_pselect_f.vhd:167]
	Parameter C_AB bound to: 4 - type: integer 
	Parameter C_AW bound to: 4 - type: integer 
	Parameter C_BAR bound to: 4'b1111 
	Parameter C_FAMILY bound to: nofamily - type: string 
INFO: [Synth 8-256] done synthesizing module 'design_1_xadc_wiz_0_0_pselect_f__parameterized24' (1#1) [f:/projet_m2/mk1/mk1_implement/mk1_implement.gen/sources_1/bd/design_1/ip/design_1_xadc_wiz_0_0/proc_common_v3_30_a/hdl/src/vhdl/design_1_xadc_wiz_0_0_pselect_f.vhd:167]
INFO: [Synth 8-638] synthesizing module 'design_1_xadc_wiz_0_0_pselect_f__parameterized25' [f:/projet_m2/mk1/mk1_implement/mk1_implement.gen/sources_1/bd/design_1/ip/design_1_xadc_wiz_0_0/proc_common_v3_30_a/hdl/src/vhdl/design_1_xadc_wiz_0_0_pselect_f.vhd:167]
	Parameter C_AB bound to: 1 - type: integer 
	Parameter C_AW bound to: 10 - type: integer 
	Parameter C_BAR bound to: 10'b1000000000 
	Parameter C_FAMILY bound to: nofamily - type: string 
INFO: [Synth 8-256] done synthesizing module 'design_1_xadc_wiz_0_0_pselect_f__parameterized25' (1#1) [f:/projet_m2/mk1/mk1_implement/mk1_implement.gen/sources_1/bd/design_1/ip/design_1_xadc_wiz_0_0/proc_common_v3_30_a/hdl/src/vhdl/design_1_xadc_wiz_0_0_pselect_f.vhd:167]
INFO: [Synth 8-256] done synthesizing module 'design_1_xadc_wiz_0_0_address_decoder' (2#1) [f:/projet_m2/mk1/mk1_implement/mk1_implement.gen/sources_1/bd/design_1/ip/design_1_xadc_wiz_0_0/axi_lite_ipif_v1_01_a/hdl/src/vhdl/design_1_xadc_wiz_0_0_address_decoder.vhd:176]
INFO: [Synth 8-226] default block is never used [f:/projet_m2/mk1/mk1_implement/mk1_implement.gen/sources_1/bd/design_1/ip/design_1_xadc_wiz_0_0/axi_lite_ipif_v1_01_a/hdl/src/vhdl/design_1_xadc_wiz_0_0_slave_attachment.vhd:381]
INFO: [Synth 8-256] done synthesizing module 'design_1_xadc_wiz_0_0_slave_attachment' (3#1) [f:/projet_m2/mk1/mk1_implement/mk1_implement.gen/sources_1/bd/design_1/ip/design_1_xadc_wiz_0_0/axi_lite_ipif_v1_01_a/hdl/src/vhdl/design_1_xadc_wiz_0_0_slave_attachment.vhd:227]
INFO: [Synth 8-256] done synthesizing module 'design_1_xadc_wiz_0_0_axi_lite_ipif' (4#1) [f:/projet_m2/mk1/mk1_implement/mk1_implement.gen/sources_1/bd/design_1/ip/design_1_xadc_wiz_0_0/axi_lite_ipif_v1_01_a/hdl/src/vhdl/design_1_xadc_wiz_0_0_axi_lite_ipif.vhd:241]
	Parameter C_S_AXI_ADDR_WIDTH bound to: 11 - type: integer 
	Parameter C_S_AXI_DATA_WIDTH bound to: 32 - type: integer 
	Parameter C_FAMILY bound to: virtex7 - type: string 
	Parameter CE_NUMBERS bound to: 9 - type: integer 
	Parameter IP_INTR_NUM bound to: 17 - type: integer 
	Parameter C_SIM_MONITOR_FILE bound to: design.txt - type: string 
	Parameter MUX_ADDR_NO bound to: 5 - type: integer 
INFO: [Synth 8-3491] module 'design_1_xadc_wiz_0_0_xadc_core_drp' declared at 'f:/projet_m2/mk1/mk1_implement/mk1_implement.gen/sources_1/bd/design_1/ip/design_1_xadc_wiz_0_0/design_1_xadc_wiz_0_0_xadc_core_drp.vhd:141' bound to instance 'AXI_XADC_CORE_I' of component 'design_1_xadc_wiz_0_0_xadc_core_drp' [f:/projet_m2/mk1/mk1_implement/mk1_implement.gen/sources_1/bd/design_1/ip/design_1_xadc_wiz_0_0/design_1_xadc_wiz_0_0_axi_xadc.vhd:689]
INFO: [Synth 8-638] synthesizing module 'design_1_xadc_wiz_0_0_xadc_core_drp' [f:/projet_m2/mk1/mk1_implement/mk1_implement.gen/sources_1/bd/design_1/ip/design_1_xadc_wiz_0_0/design_1_xadc_wiz_0_0_xadc_core_drp.vhd:186]
	Parameter C_S_AXI_ADDR_WIDTH bound to: 11 - type: integer 
	Parameter C_S_AXI_DATA_WIDTH bound to: 32 - type: integer 
	Parameter C_FAMILY bound to: virtex7 - type: string 
	Parameter CE_NUMBERS bound to: 9 - type: integer 
	Parameter IP_INTR_NUM bound to: 17 - type: integer 
	Parameter C_SIM_MONITOR_FILE bound to: design.txt - type: string 
	Parameter MUX_ADDR_NO bound to: 5 - type: integer 
	Parameter INIT_40 bound to: 16'b0000000000000000 
	Parameter INIT_41 bound to: 16'b0011000110101100 
	Parameter INIT_42 bound to: 16'b0000010000000000 
	Parameter INIT_48 bound to: 16'b0000000100000000 
	Parameter INIT_49 bound to: 16'b0000000000000000 
	Parameter INIT_4A bound to: 16'b0000000000000000 
	Parameter INIT_4B bound to: 16'b0000000000000000 
	Parameter INIT_4C bound to: 16'b0000000000000000 
	Parameter INIT_4D bound to: 16'b0000000000000000 
	Parameter INIT_4E bound to: 16'b0000000000000000 
	Parameter INIT_4F bound to: 16'b0000000000000000 
	Parameter INIT_50 bound to: 16'b1011101100000001 
	Parameter INIT_51 bound to: 16'b0101011111100100 
	Parameter INIT_52 bound to: 16'b1010000101000111 
	Parameter INIT_53 bound to: 16'b1100101000110011 
	Parameter INIT_54 bound to: 16'b1010100100111010 
	Parameter INIT_55 bound to: 16'b0101001011000110 
	Parameter INIT_56 bound to: 16'b1001010101010101 
	Parameter INIT_57 bound to: 16'b1010111001001110 
	Parameter INIT_58 bound to: 16'b0101100110011001 
	Parameter INIT_59 bound to: 16'b0101010101010101 
	Parameter INIT_5A bound to: 16'b1001100110011001 
	Parameter INIT_5B bound to: 16'b0110101010101010 
	Parameter INIT_5C bound to: 16'b0101000100010001 
	Parameter INIT_5D bound to: 16'b0101000100010001 
	Parameter INIT_5E bound to: 16'b1001000111101011 
	Parameter INIT_5F bound to: 16'b0110011001100110 
	Parameter SIM_DEVICE bound to: ZYNQ - type: string 
	Parameter SIM_MONITOR_FILE bound to: design.txt - type: string 
INFO: [Synth 8-113] binding component instance 'XADC_INST' to cell 'XADC' [f:/projet_m2/mk1/mk1_implement/mk1_implement.gen/sources_1/bd/design_1/ip/design_1_xadc_wiz_0_0/design_1_xadc_wiz_0_0_xadc_core_drp.vhd:969]
INFO: [Synth 8-256] done synthesizing module 'design_1_xadc_wiz_0_0_xadc_core_drp' (5#1) [f:/projet_m2/mk1/mk1_implement/mk1_implement.gen/sources_1/bd/design_1/ip/design_1_xadc_wiz_0_0/design_1_xadc_wiz_0_0_xadc_core_drp.vhd:186]
INFO: [Synth 8-638] synthesizing module 'design_1_xadc_wiz_0_0_soft_reset' [f:/projet_m2/mk1/mk1_implement/mk1_implement.gen/sources_1/bd/design_1/ip/design_1_xadc_wiz_0_0/proc_common_v3_30_a/hdl/src/vhdl/design_1_xadc_wiz_0_0_soft_reset.vhd:142]
	Parameter C_SIPIF_DWIDTH bound to: 32 - type: integer 
	Parameter C_RESET_WIDTH bound to: 16 - type: integer 
INFO: [Synth 8-113] binding component instance 'RST_FLOPS' to cell 'FDRSE' [f:/projet_m2/mk1/mk1_implement/mk1_implement.gen/sources_1/bd/design_1/ip/design_1_xadc_wiz_0_0/proc_common_v3_30_a/hdl/src/vhdl/design_1_xadc_wiz_0_0_soft_reset.vhd:273]
INFO: [Synth 8-113] binding component instance 'RST_FLOPS' to cell 'FDRSE' [f:/projet_m2/mk1/mk1_implement/mk1_implement.gen/sources_1/bd/design_1/ip/design_1_xadc_wiz_0_0/proc_common_v3_30_a/hdl/src/vhdl/design_1_xadc_wiz_0_0_soft_reset.vhd:273]
INFO: [Synth 8-113] binding component instance 'RST_FLOPS' to cell 'FDRSE' [f:/projet_m2/mk1/mk1_implement/mk1_implement.gen/sources_1/bd/design_1/ip/design_1_xadc_wiz_0_0/proc_common_v3_30_a/hdl/src/vhdl/design_1_xadc_wiz_0_0_soft_reset.vhd:273]
INFO: [Synth 8-113] binding component instance 'RST_FLOPS' to cell 'FDRSE' [f:/projet_m2/mk1/mk1_implement/mk1_implement.gen/sources_1/bd/design_1/ip/design_1_xadc_wiz_0_0/proc_common_v3_30_a/hdl/src/vhdl/design_1_xadc_wiz_0_0_soft_reset.vhd:273]
INFO: [Synth 8-113] binding component instance 'RST_FLOPS' to cell 'FDRSE' [f:/projet_m2/mk1/mk1_implement/mk1_implement.gen/sources_1/bd/design_1/ip/design_1_xadc_wiz_0_0/proc_common_v3_30_a/hdl/src/vhdl/design_1_xadc_wiz_0_0_soft_reset.vhd:273]
INFO: [Synth 8-113] binding component instance 'RST_FLOPS' to cell 'FDRSE' [f:/projet_m2/mk1/mk1_implement/mk1_implement.gen/sources_1/bd/design_1/ip/design_1_xadc_wiz_0_0/proc_common_v3_30_a/hdl/src/vhdl/design_1_xadc_wiz_0_0_soft_reset.vhd:273]
INFO: [Synth 8-113] binding component instance 'RST_FLOPS' to cell 'FDRSE' [f:/projet_m2/mk1/mk1_implement/mk1_implement.gen/sources_1/bd/design_1/ip/design_1_xadc_wiz_0_0/proc_common_v3_30_a/hdl/src/vhdl/design_1_xadc_wiz_0_0_soft_reset.vhd:273]
INFO: [Synth 8-113] binding component instance 'RST_FLOPS' to cell 'FDRSE' [f:/projet_m2/mk1/mk1_implement/mk1_implement.gen/sources_1/bd/design_1/ip/design_1_xadc_wiz_0_0/proc_common_v3_30_a/hdl/src/vhdl/design_1_xadc_wiz_0_0_soft_reset.vhd:273]
INFO: [Synth 8-113] binding component instance 'RST_FLOPS' to cell 'FDRSE' [f:/projet_m2/mk1/mk1_implement/mk1_implement.gen/sources_1/bd/design_1/ip/design_1_xadc_wiz_0_0/proc_common_v3_30_a/hdl/src/vhdl/design_1_xadc_wiz_0_0_soft_reset.vhd:273]
INFO: [Synth 8-113] binding component instance 'RST_FLOPS' to cell 'FDRSE' [f:/projet_m2/mk1/mk1_implement/mk1_implement.gen/sources_1/bd/design_1/ip/design_1_xadc_wiz_0_0/proc_common_v3_30_a/hdl/src/vhdl/design_1_xadc_wiz_0_0_soft_reset.vhd:273]
INFO: [Synth 8-113] binding component instance 'RST_FLOPS' to cell 'FDRSE' [f:/projet_m2/mk1/mk1_implement/mk1_implement.gen/sources_1/bd/design_1/ip/design_1_xadc_wiz_0_0/proc_common_v3_30_a/hdl/src/vhdl/design_1_xadc_wiz_0_0_soft_reset.vhd:273]
INFO: [Synth 8-113] binding component instance 'RST_FLOPS' to cell 'FDRSE' [f:/projet_m2/mk1/mk1_implement/mk1_implement.gen/sources_1/bd/design_1/ip/design_1_xadc_wiz_0_0/proc_common_v3_30_a/hdl/src/vhdl/design_1_xadc_wiz_0_0_soft_reset.vhd:273]
INFO: [Synth 8-113] binding component instance 'RST_FLOPS' to cell 'FDRSE' [f:/projet_m2/mk1/mk1_implement/mk1_implement.gen/sources_1/bd/design_1/ip/design_1_xadc_wiz_0_0/proc_common_v3_30_a/hdl/src/vhdl/design_1_xadc_wiz_0_0_soft_reset.vhd:273]
INFO: [Synth 8-113] binding component instance 'RST_FLOPS' to cell 'FDRSE' [f:/projet_m2/mk1/mk1_implement/mk1_implement.gen/sources_1/bd/design_1/ip/design_1_xadc_wiz_0_0/proc_common_v3_30_a/hdl/src/vhdl/design_1_xadc_wiz_0_0_soft_reset.vhd:273]
INFO: [Synth 8-113] binding component instance 'RST_FLOPS' to cell 'FDRSE' [f:/projet_m2/mk1/mk1_implement/mk1_implement.gen/sources_1/bd/design_1/ip/design_1_xadc_wiz_0_0/proc_common_v3_30_a/hdl/src/vhdl/design_1_xadc_wiz_0_0_soft_reset.vhd:273]
INFO: [Synth 8-113] binding component instance 'RST_FLOPS' to cell 'FDRSE' [f:/projet_m2/mk1/mk1_implement/mk1_implement.gen/sources_1/bd/design_1/ip/design_1_xadc_wiz_0_0/proc_common_v3_30_a/hdl/src/vhdl/design_1_xadc_wiz_0_0_soft_reset.vhd:273]
INFO: [Synth 8-113] binding component instance 'FF_WRACK' to cell 'FDRSE' [f:/projet_m2/mk1/mk1_implement/mk1_implement.gen/sources_1/bd/design_1/ip/design_1_xadc_wiz_0_0/proc_common_v3_30_a/hdl/src/vhdl/design_1_xadc_wiz_0_0_soft_reset.vhd:296]
INFO: [Synth 8-256] done synthesizing module 'design_1_xadc_wiz_0_0_soft_reset' (6#1) [f:/projet_m2/mk1/mk1_implement/mk1_implement.gen/sources_1/bd/design_1/ip/design_1_xadc_wiz_0_0/proc_common_v3_30_a/hdl/src/vhdl/design_1_xadc_wiz_0_0_soft_reset.vhd:142]
INFO: [Synth 8-638] synthesizing module 'design_1_xadc_wiz_0_0_interrupt_control' [f:/projet_m2/mk1/mk1_implement/mk1_implement.gen/sources_1/bd/design_1/ip/design_1_xadc_wiz_0_0/interrupt_control_v2_01_a/hdl/src/vhdl/design_1_xadc_wiz_0_0_interrupt_control.vhd:240]
	Parameter C_NUM_CE bound to: 16 - type: integer 
	Parameter C_NUM_IPIF_IRPT_SRC bound to: 1 - type: integer 
	Parameter C_IP_INTR_MODE_ARRAY bound to: 544'b0000000000000000000000000000010100000000000000000000000000000101000000000000000000000000000001010000000000000000000000000000010100000000000000000000000000000101000000000000000000000000000001010000000000000000000000000000010100000000000000000000000000000101000000000000000000000000000001010000000000000000000000000000010100000000000000000000000000000101000000000000000000000000000001010000000000000000000000000000010100000000000000000000000000000101000000000000000000000000000001010000000000000000000000000000010100000000000000000000000000000101 
	Parameter C_INCLUDE_DEV_PENCODER bound to: 0 - type: bool 
	Parameter C_INCLUDE_DEV_ISC bound to: 0 - type: bool 
	Parameter C_IPIF_DWIDTH bound to: 32 - type: integer 
INFO: [Synth 8-256] done synthesizing module 'design_1_xadc_wiz_0_0_interrupt_control' (7#1) [f:/projet_m2/mk1/mk1_implement/mk1_implement.gen/sources_1/bd/design_1/ip/design_1_xadc_wiz_0_0/interrupt_control_v2_01_a/hdl/src/vhdl/design_1_xadc_wiz_0_0_interrupt_control.vhd:240]
INFO: [Synth 8-256] done synthesizing module 'design_1_xadc_wiz_0_0_axi_xadc' (8#1) [f:/projet_m2/mk1/mk1_implement/mk1_implement.gen/sources_1/bd/design_1/ip/design_1_xadc_wiz_0_0/design_1_xadc_wiz_0_0_axi_xadc.vhd:235]
INFO: [Synth 8-256] done synthesizing module 'design_1_xadc_wiz_0_0' (9#1) [f:/projet_m2/mk1/mk1_implement/mk1_implement.gen/sources_1/bd/design_1/ip/design_1_xadc_wiz_0_0/design_1_xadc_wiz_0_0.vhd:98]
---------------------------------------------------------------------------------
Finished RTL Elaboration : Time (s): cpu = 00:00:06 ; elapsed = 00:00:06 . Memory (MB): peak = 1546.266 ; gain = 315.332
---------------------------------------------------------------------------------
---------------------------------------------------------------------------------
Start Handling Custom Attributes
---------------------------------------------------------------------------------
---------------------------------------------------------------------------------
Finished Handling Custom Attributes : Time (s): cpu = 00:00:07 ; elapsed = 00:00:07 . Memory (MB): peak = 1546.266 ; gain = 315.332
---------------------------------------------------------------------------------
---------------------------------------------------------------------------------
Finished RTL Optimization Phase 1 : Time (s): cpu = 00:00:07 ; elapsed = 00:00:07 . Memory (MB): peak = 1546.266 ; gain = 315.332
---------------------------------------------------------------------------------
Netlist sorting complete. Time (s): cpu = 00:00:00 ; elapsed = 00:00:00.018 . Memory (MB): peak = 1546.266 ; gain = 0.000
INFO: [Netlist 29-17] Analyzing 18 Unisim elements for replacement
INFO: [Netlist 29-28] Unisim Transformation completed in 0 CPU seconds
INFO: [Project 1-570] Preparing netlist for logic optimization

Processing XDC Constraints
Initializing timing engine
Parsing XDC File [f:/projet_m2/mk1/mk1_implement/mk1_implement.gen/sources_1/bd/design_1/ip/design_1_xadc_wiz_0_0/design_1_xadc_wiz_0_0_ooc.xdc] for cell 'U0'
Finished Parsing XDC File [f:/projet_m2/mk1/mk1_implement/mk1_implement.gen/sources_1/bd/design_1/ip/design_1_xadc_wiz_0_0/design_1_xadc_wiz_0_0_ooc.xdc] for cell 'U0'
Parsing XDC File [f:/projet_m2/mk1/mk1_implement/mk1_implement.gen/sources_1/bd/design_1/ip/design_1_xadc_wiz_0_0/design_1_xadc_wiz_0_0.xdc] for cell 'U0'
Finished Parsing XDC File [f:/projet_m2/mk1/mk1_implement/mk1_implement.gen/sources_1/bd/design_1/ip/design_1_xadc_wiz_0_0/design_1_xadc_wiz_0_0.xdc] for cell 'U0'
Parsing XDC File [F:/projet_m2/mk1/mk1_implement/mk1_implement.runs/design_1_xadc_wiz_0_0_synth_1/dont_touch.xdc]
Finished Parsing XDC File [F:/projet_m2/mk1/mk1_implement/mk1_implement.runs/design_1_xadc_wiz_0_0_synth_1/dont_touch.xdc]
Completed Processing XDC Constraints

Netlist sorting complete. Time (s): cpu = 00:00:00 ; elapsed = 00:00:00.001 . Memory (MB): peak = 1638.648 ; gain = 0.000
INFO: [Project 1-111] Unisim Transformation Summary:
  A total of 17 instances were transformed.
  FDRSE => FDRSE (FDRE, LUT4, VCC): 17 instances

Constraint Validation Runtime : Time (s): cpu = 00:00:00 ; elapsed = 00:00:00.036 . Memory (MB): peak = 1641.293 ; gain = 2.645
---------------------------------------------------------------------------------
Finished Constraint Validation : Time (s): cpu = 00:00:12 ; elapsed = 00:00:12 . Memory (MB): peak = 1641.293 ; gain = 410.359
---------------------------------------------------------------------------------
---------------------------------------------------------------------------------
Start Loading Part and Timing Information
---------------------------------------------------------------------------------
Loading part: xc7z010clg400-1
---------------------------------------------------------------------------------
Finished Loading Part and Timing Information : Time (s): cpu = 00:00:12 ; elapsed = 00:00:13 . Memory (MB): peak = 1641.293 ; gain = 410.359
---------------------------------------------------------------------------------
---------------------------------------------------------------------------------
Start Applying 'set_property' XDC Constraints
---------------------------------------------------------------------------------
Applied set_property KEEP_HIERARCHY = SOFT for U0. (constraint file  F:/projet_m2/mk1/mk1_implement/mk1_implement.runs/design_1_xadc_wiz_0_0_synth_1/dont_touch.xdc, line 9).
---------------------------------------------------------------------------------
Finished applying 'set_property' XDC Constraints : Time (s): cpu = 00:00:12 ; elapsed = 00:00:13 . Memory (MB): peak = 1641.293 ; gain = 410.359
---------------------------------------------------------------------------------
INFO: [Synth 8-802] inferred FSM for state register 'state_reg' in module 'design_1_xadc_wiz_0_0_slave_attachment'
---------------------------------------------------------------------------------------------------
                   State |                     New Encoding |                Previous Encoding 
---------------------------------------------------------------------------------------------------
                 sm_idle |                             0010 |                               00
                 sm_read |                             1000 |                               01
                sm_write |                             0100 |                               10
                 sm_resp |                             0001 |                               11
---------------------------------------------------------------------------------------------------
INFO: [Synth 8-3354] encoded FSM with state register 'state_reg' using encoding 'one-hot' in module 'design_1_xadc_wiz_0_0_slave_attachment'
---------------------------------------------------------------------------------
Finished RTL Optimization Phase 2 : Time (s): cpu = 00:00:13 ; elapsed = 00:00:13 . Memory (MB): peak = 1641.293 ; gain = 410.359
---------------------------------------------------------------------------------
---------------------------------------------------------------------------------
Start RTL Component Statistics 
---------------------------------------------------------------------------------
Detailed RTL Component Info : 
+---Adders : 
	   2 Input    7 Bit       Adders := 1     
+---XORs : 
	   2 Input      1 Bit         XORs := 17    
+---Registers : 
	               32 Bit    Registers := 2     
	               17 Bit    Registers := 1     
	               16 Bit    Registers := 1     
	               11 Bit    Registers := 1     
	                9 Bit    Registers := 1     
	                7 Bit    Registers := 1     
	                2 Bit    Registers := 2     
	                1 Bit    Registers := 124   
+---Muxes : 
	   2 Input   32 Bit        Muxes := 3     
	   4 Input   18 Bit        Muxes := 1     
	   2 Input   10 Bit        Muxes := 1     
	   4 Input    4 Bit        Muxes := 1     
	   2 Input    4 Bit        Muxes := 6     
	   2 Input    2 Bit        Muxes := 2     
	   2 Input    1 Bit        Muxes := 53    
	   3 Input    1 Bit        Muxes := 1     
---------------------------------------------------------------------------------
Finished RTL Component Statistics 
---------------------------------------------------------------------------------
---------------------------------------------------------------------------------
Start Part Resource Summary
---------------------------------------------------------------------------------
Part Resources:
DSPs: 80 (col length:40)
BRAMs: 120 (col length: RAMB18 40 RAMB36 20)
---------------------------------------------------------------------------------
Finished Part Resource Summary
---------------------------------------------------------------------------------
---------------------------------------------------------------------------------
Start Cross Boundary and Area Optimization
---------------------------------------------------------------------------------
---------------------------------------------------------------------------------
Finished Cross Boundary and Area Optimization : Time (s): cpu = 00:00:14 ; elapsed = 00:00:15 . Memory (MB): peak = 1641.293 ; gain = 410.359
---------------------------------------------------------------------------------
---------------------------------------------------------------------------------
Start Applying XDC Timing Constraints
---------------------------------------------------------------------------------
---------------------------------------------------------------------------------
Finished Applying XDC Timing Constraints : Time (s): cpu = 00:00:19 ; elapsed = 00:00:19 . Memory (MB): peak = 1641.293 ; gain = 410.359
---------------------------------------------------------------------------------
---------------------------------------------------------------------------------
Start Timing Optimization
---------------------------------------------------------------------------------
---------------------------------------------------------------------------------
Finished Timing Optimization : Time (s): cpu = 00:00:19 ; elapsed = 00:00:20 . Memory (MB): peak = 1641.293 ; gain = 410.359
---------------------------------------------------------------------------------
---------------------------------------------------------------------------------
Start Technology Mapping
---------------------------------------------------------------------------------
---------------------------------------------------------------------------------
Finished Technology Mapping : Time (s): cpu = 00:00:19 ; elapsed = 00:00:20 . Memory (MB): peak = 1641.293 ; gain = 410.359
---------------------------------------------------------------------------------
---------------------------------------------------------------------------------
Start IO Insertion
---------------------------------------------------------------------------------
---------------------------------------------------------------------------------
Start Flattening Before IO Insertion
---------------------------------------------------------------------------------
---------------------------------------------------------------------------------
Finished Flattening Before IO Insertion
---------------------------------------------------------------------------------
---------------------------------------------------------------------------------
Start Final Netlist Cleanup
---------------------------------------------------------------------------------
---------------------------------------------------------------------------------
Finished Final Netlist Cleanup
---------------------------------------------------------------------------------
---------------------------------------------------------------------------------
Finished IO Insertion : Time (s): cpu = 00:00:22 ; elapsed = 00:00:23 . Memory (MB): peak = 1641.293 ; gain = 410.359
---------------------------------------------------------------------------------
---------------------------------------------------------------------------------
Start Renaming Generated Instances
---------------------------------------------------------------------------------
---------------------------------------------------------------------------------
Finished Renaming Generated Instances : Time (s): cpu = 00:00:22 ; elapsed = 00:00:23 . Memory (MB): peak = 1641.293 ; gain = 410.359
---------------------------------------------------------------------------------
---------------------------------------------------------------------------------
Start Rebuilding User Hierarchy
---------------------------------------------------------------------------------
---------------------------------------------------------------------------------
Finished Rebuilding User Hierarchy : Time (s): cpu = 00:00:22 ; elapsed = 00:00:23 . Memory (MB): peak = 1641.293 ; gain = 410.359
---------------------------------------------------------------------------------
---------------------------------------------------------------------------------
Start Renaming Generated Ports
---------------------------------------------------------------------------------
---------------------------------------------------------------------------------
Finished Renaming Generated Ports : Time (s): cpu = 00:00:22 ; elapsed = 00:00:23 . Memory (MB): peak = 1641.293 ; gain = 410.359
---------------------------------------------------------------------------------
---------------------------------------------------------------------------------
Start Handling Custom Attributes
---------------------------------------------------------------------------------
---------------------------------------------------------------------------------
Finished Handling Custom Attributes : Time (s): cpu = 00:00:22 ; elapsed = 00:00:23 . Memory (MB): peak = 1641.293 ; gain = 410.359
---------------------------------------------------------------------------------
---------------------------------------------------------------------------------
Start Renaming Generated Nets
---------------------------------------------------------------------------------
---------------------------------------------------------------------------------
Finished Renaming Generated Nets : Time (s): cpu = 00:00:22 ; elapsed = 00:00:23 . Memory (MB): peak = 1641.293 ; gain = 410.359
---------------------------------------------------------------------------------
---------------------------------------------------------------------------------
Start Writing Synthesis Report
---------------------------------------------------------------------------------

Report BlackBoxes: 
+-+--------------+----------+
| |BlackBox name |Instances |
+-+--------------+----------+
+-+--------------+----------+

Report Cell Usage: 
+------+-----+------+
|      |Cell |Count |
+------+-----+------+
|1     |LUT1 |     2|
|2     |LUT2 |    35|
|3     |LUT3 |    25|
|4     |LUT4 |    19|
|5     |LUT5 |    54|
|6     |LUT6 |    61|
|7     |XADC |     1|
|8     |FDRE |   206|
|9     |FDSE |    31|
+------+-----+------+
---------------------------------------------------------------------------------
Finished Writing Synthesis Report : Time (s): cpu = 00:00:22 ; elapsed = 00:00:23 . Memory (MB): peak = 1641.293 ; gain = 410.359
---------------------------------------------------------------------------------
Synthesis finished with 0 errors, 0 critical warnings and 0 warnings.
Synthesis Optimization Runtime : Time (s): cpu = 00:00:13 ; elapsed = 00:00:20 . Memory (MB): peak = 1641.293 ; gain = 315.332
Synthesis Optimization Complete : Time (s): cpu = 00:00:22 ; elapsed = 00:00:23 . Memory (MB): peak = 1641.293 ; gain = 410.359
INFO: [Project 1-571] Translating synthesized netlist
Netlist sorting complete. Time (s): cpu = 00:00:00 ; elapsed = 00:00:00.012 . Memory (MB): peak = 1641.293 ; gain = 0.000
INFO: [Netlist 29-17] Analyzing 1 Unisim elements for replacement
INFO: [Netlist 29-28] Unisim Transformation completed in 0 CPU seconds
INFO: [Project 1-570] Preparing netlist for logic optimization
INFO: [Opt 31-138] Pushed 0 inverter(s) to 0 load pin(s).
Netlist sorting complete. Time (s): cpu = 00:00:00 ; elapsed = 00:00:00 . Memory (MB): peak = 1647.258 ; gain = 0.000
INFO: [Project 1-111] Unisim Transformation Summary:
No Unisim elements were transformed.

Synth Design complete, checksum: bf048607
INFO: [Common 17-83] Releasing license: Synthesis
112 Infos, 0 Warnings, 0 Critical Warnings and 0 Errors encountered.
synth_design completed successfully
synth_design: Time (s): cpu = 00:00:25 ; elapsed = 00:00:27 . Memory (MB): peak = 1647.258 ; gain = 416.324
INFO: [Common 17-1381] The checkpoint 'F:/projet_m2/mk1/mk1_implement/mk1_implement.runs/design_1_xadc_wiz_0_0_synth_1/design_1_xadc_wiz_0_0.dcp' has been generated.
INFO: [Coretcl 2-1648] Added synthesis output to IP cache for IP design_1_xadc_wiz_0_0, cache-ID = 47db5ec57d034d91
INFO: [Common 17-1381] The checkpoint 'F:/projet_m2/mk1/mk1_implement/mk1_implement.runs/design_1_xadc_wiz_0_0_synth_1/design_1_xadc_wiz_0_0.dcp' has been generated.
INFO: [runtcl-4] Executing : report_utilization -file design_1_xadc_wiz_0_0_utilization_synth.rpt -pb design_1_xadc_wiz_0_0_utilization_synth.pb
INFO: [Common 17-206] Exiting Vivado at Fri Dec 31 01:08:16 2021...
