#-----------------------------------------------------------
# Vivado v2021.1 (64-bit)
# SW Build 3247384 on Thu Jun 10 19:36:33 MDT 2021
# IP Build 3246043 on Fri Jun 11 00:30:35 MDT 2021
# Start of session at: Mon Jan 24 01:50:11 2022
# Process ID: 26460
# Current directory: F:/projet_m2/git/zynq-oc-analysis/mk1/mk1_implement
# Command line: vivado.exe -gui_launcher_event rodinguilauncherevent33504 F:\projet_m2\git\zynq-oc-analysis\mk1\mk1_implement\mk1_implement.xpr
# Log file: F:/projet_m2/git/zynq-oc-analysis/mk1/mk1_implement/vivado.log
# Journal file: F:/projet_m2/git/zynq-oc-analysis/mk1/mk1_implement\vivado.jou
#-----------------------------------------------------------
start_gui
open_project F:/projet_m2/git/zynq-oc-analysis/mk1/mk1_implement/mk1_implement.xpr
INFO: [Project 1-313] Project file moved from 'F:/projet_m2/mk1/mk1_implement' since last save.
Scanning sources...
Finished scanning sources
INFO: [IP_Flow 19-234] Refreshing IP repositories
INFO: [IP_Flow 19-1700] Loaded user IP repository 'f:/projet_m2/git/zynq-oc-analysis/mk1/mk1/solution1/impl'.
INFO: [IP_Flow 19-2313] Loaded Vivado IP repository 'C:/Xilinx/Vivado/2021.1/data/ip'.
WARNING: [BD 41-1661] One or more IPs have been locked in the design 'design_1.bd'. Please run report_ip_status for more details and recommendations on how to fix this issue.
List of locked IPs:
design_1_test_scalaire_0_1

open_project: Time (s): cpu = 00:00:20 ; elapsed = 00:00:32 . Memory (MB): peak = 1535.949 ; gain = 312.535
update_compile_order -fileset sources_1
exit
INFO: [Common 17-206] Exiting Vivado at Mon Jan 24 01:59:43 2022...
