#-----------------------------------------------------------
# Vivado v2021.1 (64-bit)
# SW Build 3247384 on Thu Jun 10 19:36:33 MDT 2021
# IP Build 3246043 on Fri Jun 11 00:30:35 MDT 2021
# Start of session at: Tue Dec 21 15:40:36 2021
# Process ID: 9388
# Current directory: F:/projet_m2/mk1/mk1_implement
# Command line: vivado.exe -gui_launcher_event rodinguilauncherevent20192 F:\projet_m2\mk1\mk1_implement\mk1_implement.xpr
# Log file: F:/projet_m2/mk1/mk1_implement/vivado.log
# Journal file: F:/projet_m2/mk1/mk1_implement\vivado.jou
#-----------------------------------------------------------
start_guioopen_project F:/projet_m2/mk1/mk1_implement/mk1_implement.xprSScanning sources...FFinished scanning sourcesIINFO: [IP_Flow 19-234] Refreshing IP repositoriesINFO: [IP_Flow 19-1700] Loaded user IP repository 'f:/projet_m2/mk1/mk1/solution1/impl'.
IINFO: [IP_Flow 19-2313] Loaded Vivado IP repository 'C:/Xilinx/Vivado/2021.1/data/ip'.open_project: Time (s): cpu = 00:00:19 ; elapsed = 00:00:31 . Memory (MB): peak = 1506.484 ; gain = 284.250
update_compile_order -fileset sources_1
exit
INFO: [Common 17-206] Exiting Vivado at Tue Dec 21 15:41:44 2021...
irectory F:/projet_m2/mk1/mk1_implement/mk1_implement.runs/synth_1

update_compile_order -fileset sources_1
exit
INFO: [Common 17-206] Exiting Vivado at Tue Dec 21 15:41:44 2021...
