#-----------------------------------------------------------
# Vivado v2021.1 (64-bit)
# SW Build 3247384 on Thu Jun 10 19:36:33 MDT 2021
# IP Build 3246043 on Fri Jun 11 00:30:35 MDT 2021
# Start of session at: Thu Jan 27 10:33:30 2022
# Process ID: 30968
# Current directory: F:/projet_m2/git/zynq-oc-analysis/mk1/mk1_implement
# Command line: vivado.exe -gui_launcher_event rodinguilauncherevent30096 F:\projet_m2\git\zynq-oc-analysis\mk1\mk1_implement\mk1_implement.xpr
# Log file: F:/projet_m2/git/zynq-oc-analysis/mk1/mk1_implement/vivado.log
# Journal file: F:/projet_m2/git/zynq-oc-analysis/mk1/mk1_implement\vivado.jou
#-----------------------------------------------------------
start_gui
open_project F:/projet_m2/git/zynq-oc-analysis/mk1/mk1_implement/mk1_implement.xpr
Scanning sources...
Finished scanning sources
INFO: [IP_Flow 19-234] Refreshing IP repositories
INFO: [IP_Flow 19-1700] Loaded user IP repository 'f:/projet_m2/git/zynq-oc-analysis/ip_scalaire'.
INFO: [IP_Flow 19-2313] Loaded Vivado IP repository 'C:/Xilinx/Vivado/2021.1/data/ip'.
WARNING: [BD 41-1661] One or more IPs have been locked in the design 'design_1.bd'. Please run report_ip_status for more details and recommendations on how to fix this issue.
List of locked IPs:
design_1_test_scalaire_0_3

open_project: Time (s): cpu = 00:00:29 ; elapsed = 00:00:25 . Memory (MB): peak = 1523.906 ; gain = 300.508
update_compile_order -fileset sources_1
open_bd_design {F:/projet_m2/git/zynq-oc-analysis/mk1/mk1_implement/mk1_implement.srcs/sources_1/bd/design_1/design_1.bd}
Reading block design file <F:/projet_m2/git/zynq-oc-analysis/mk1/mk1_implement/mk1_implement.srcs/sources_1/bd/design_1/design_1.bd>...
Adding component instance block -- xilinx.com:ip:processing_system7:5.5 - processing_system7_0
Adding component instance block -- xilinx.com:ip:proc_sys_reset:5.0 - rst_ps7_0_100M
Adding component instance block -- xilinx.com:ip:clk_wiz:6.0 - clk_wiz_0
Adding component instance block -- xilinx.com:ip:axi_interconnect:2.1 - axi_interconnect_0
Adding component instance block -- xilinx.com:ip:axi_crossbar:2.1 - xbar
Adding component instance block -- xilinx.com:ip:axi_protocol_converter:2.1 - auto_pc
Adding component instance block -- xilinx.com:ip:axi_protocol_converter:2.1 - auto_pc
Adding component instance block -- xilinx.com:ip:axi_clock_converter:2.1 - auto_cc
Adding component instance block -- xilinx.com:ip:axi_protocol_converter:2.1 - auto_pc
Adding component instance block -- xilinx.com:ip:axi_protocol_converter:2.1 - auto_pc
Adding component instance block -- xilinx.com:ip:proc_sys_reset:5.0 - proc_sys_reset_0
Adding component instance block -- xilinx.com:ip:blk_mem_gen:8.4 - blk_mem_gen_0
Adding component instance block -- xilinx.com:ip:blk_mem_gen:8.4 - blk_mem_gen_1
Adding component instance block -- xilinx.com:ip:blk_mem_gen:8.4 - blk_mem_gen_2
Adding component instance block -- xilinx.com:ip:axi_bram_ctrl:4.1 - axi_bram_ctrl_0
Adding component instance block -- xilinx.com:ip:axi_bram_ctrl:4.1 - axi_bram_ctrl_1
Adding component instance block -- xilinx.com:ip:axi_bram_ctrl:4.1 - axi_bram_ctrl_2
Adding component instance block -- xilinx.com:ip:axi_bram_ctrl:4.1 - axi_bram_ctrl_3
Adding component instance block -- xilinx.com:ip:axi_bram_ctrl:4.1 - axi_bram_ctrl_4
Adding component instance block -- xilinx.com:ip:axi_bram_ctrl:4.1 - axi_bram_ctrl_5
Adding component instance block -- xilinx.com:ip:smartconnect:1.0 - axi_smc
Adding component instance block -- xilinx.com:ip:smartconnect:1.0 - axi_smc_1
Adding component instance block -- xilinx.com:ip:smartconnect:1.0 - axi_smc_2
Adding component instance block -- xilinx.com:module_ref:comp_32:1.0 - comp_32_0
Adding component instance block -- xilinx.com:ip:xadc_wiz:3.3 - xadc_wiz_0
Adding component instance block -- xilinx.com:hls:test_scalaire:1.1 - test_scalaire_0
Successfully read diagram <design_1> from block design file <F:/projet_m2/git/zynq-oc-analysis/mk1/mk1_implement/mk1_implement.srcs/sources_1/bd/design_1/design_1.bd>
open_bd_design: Time (s): cpu = 00:00:13 ; elapsed = 00:00:12 . Memory (MB): peak = 1694.941 ; gain = 102.031
report_ip_status -name ip_status 
WARNING: [IP_Flow 19-4318] IP-XACT file does not exist: f:/projet_m2/git/zynq-oc-analysis/ip_scalaire/ip_scalaire/impl/ip/component.xml. It will be created.
report_ip_status -name ip_status 
upgrade_ip -vlnv xilinx.com:hls:test_scalaire:1.1 [get_ips  design_1_test_scalaire_0_3] -log ip_upgrade.log
Upgrading 'F:/projet_m2/git/zynq-oc-analysis/mk1/mk1_implement/mk1_implement.srcs/sources_1/bd/design_1/design_1.bd'
WARNING: [Vivado 12-1017] Problems encountered:
1. Failed to delete one or more files in run directory F:/projet_m2/git/zynq-oc-analysis/mk1/mk1_implement/mk1_implement.runs/design_1_test_scalaire_0_3_synth_1

INFO: [IP_Flow 19-3422] Upgraded design_1_test_scalaire_0_3 (ip_scal 1.1) from revision 2112347019 to revision 2112350427
Wrote  : <F:\projet_m2\git\zynq-oc-analysis\mk1\mk1_implement\mk1_implement.srcs\sources_1\bd\design_1\design_1.bd> 
INFO: [Coretcl 2-1525] Wrote upgrade log to 'F:/projet_m2/git/zynq-oc-analysis/mk1/mk1_implement/ip_upgrade.log'.
export_ip_user_files -of_objects [get_ips design_1_test_scalaire_0_3] -no_script -sync -force -quiet
generate_target all [get_files  F:/projet_m2/git/zynq-oc-analysis/mk1/mk1_implement/mk1_implement.srcs/sources_1/bd/design_1/design_1.bd]
WARNING: [BD 41-2670] Found an incomplete address path from address space '/processing_system7_0/Data' to master interface '/axi_interconnect_0/M06_AXI'. Please either complete or remove this path to resolve.
WARNING: [BD 5-699] No address segments matched 'get_bd_addr_segs -addressables -of_objects /axi_interconnect_0/xbar/M06_AXI'
INFO: [xilinx.com:ip:smartconnect:1.0-1] design_1_axi_smc_0: SmartConnect design_1_axi_smc_0 is in High-performance Mode.
INFO: [Ipptcl 7-1463] No Compatible Board Interface found. Board Tab not created in customize GUI
INFO: [xilinx.com:ip:smartconnect:1.0-1] design_1_axi_smc_1_0: SmartConnect design_1_axi_smc_1_0 is in High-performance Mode.
INFO: [Ipptcl 7-1463] No Compatible Board Interface found. Board Tab not created in customize GUI
INFO: [xilinx.com:ip:smartconnect:1.0-1] design_1_axi_smc_2_0: SmartConnect design_1_axi_smc_2_0 is in High-performance Mode.
INFO: [Ipptcl 7-1463] No Compatible Board Interface found. Board Tab not created in customize GUI
INFO: [xilinx.com:ip:clk_wiz:6.0-1] /clk_wiz_0 clk_wiz propagate
INFO: [xilinx.com:ip:clk_wiz:6.0-1] /clk_wiz_0 clk_wiz propagate
WARNING: [BD 41-927] Following properties on pin /xadc_wiz_0/s_axi_aclk have been updated from connected ip, but BD cell '/xadc_wiz_0' does not accept parameter changes, so they may not be synchronized with cell properties:
	FREQ_HZ = 142857132 
Please resolve any mismatches by directly setting properties on BD cell </xadc_wiz_0> to completely resolve these warnings.
WARNING: [BD 41-927] Following properties on pin /test_scalaire_0/ap_clk have been updated from connected ip, but BD cell '/test_scalaire_0' does not accept parameter changes, so they may not be synchronized with cell properties:
	FREQ_HZ = 150000000 
Please resolve any mismatches by directly setting properties on BD cell </test_scalaire_0> to completely resolve these warnings.
Wrote  : <F:\projet_m2\git\zynq-oc-analysis\mk1\mk1_implement\mk1_implement.srcs\sources_1\bd\design_1\design_1.bd> 
WARNING: [BD 41-2384] Width mismatch when connecting pin: '/blk_mem_gen_0/addra'(32) to pin: '/axi_bram_ctrl_0/bram_addr_a'(13) - Only lower order bits will be connected.
WARNING: [BD 41-2384] Width mismatch when connecting pin: '/blk_mem_gen_0/addrb'(32) to pin: '/axi_bram_ctrl_1/bram_addr_a'(13) - Only lower order bits will be connected.
WARNING: [BD 41-2384] Width mismatch when connecting pin: '/blk_mem_gen_1/addra'(32) to pin: '/axi_bram_ctrl_2/bram_addr_a'(13) - Only lower order bits will be connected.
WARNING: [BD 41-2384] Width mismatch when connecting pin: '/blk_mem_gen_1/addrb'(32) to pin: '/axi_bram_ctrl_3/bram_addr_a'(13) - Only lower order bits will be connected.
WARNING: [BD 41-2384] Width mismatch when connecting pin: '/blk_mem_gen_2/addra'(32) to pin: '/axi_bram_ctrl_4/bram_addr_a'(13) - Only lower order bits will be connected.
WARNING: [BD 41-2384] Width mismatch when connecting pin: '/blk_mem_gen_2/addrb'(32) to pin: '/axi_bram_ctrl_5/bram_addr_a'(13) - Only lower order bits will be connected.
WARNING: [BD 41-2384] Width mismatch when connecting pin: '/axi_smc/S00_AXI_arlock'(1) to pin: '/test_scalaire_0/m_axi_bus_A_ARLOCK'(2) - Only lower order bits will be connected.
WARNING: [BD 41-2384] Width mismatch when connecting pin: '/axi_smc/S00_AXI_awlock'(1) to pin: '/test_scalaire_0/m_axi_bus_A_AWLOCK'(2) - Only lower order bits will be connected.
WARNING: [BD 41-2384] Width mismatch when connecting pin: '/axi_smc_1/S00_AXI_arlock'(1) to pin: '/test_scalaire_0/m_axi_bus_B_ARLOCK'(2) - Only lower order bits will be connected.
WARNING: [BD 41-2384] Width mismatch when connecting pin: '/axi_smc_1/S00_AXI_awlock'(1) to pin: '/test_scalaire_0/m_axi_bus_B_AWLOCK'(2) - Only lower order bits will be connected.
WARNING: [BD 41-2384] Width mismatch when connecting pin: '/axi_smc_2/S00_AXI_arlock'(1) to pin: '/test_scalaire_0/m_axi_bus_res_ARLOCK'(2) - Only lower order bits will be connected.
WARNING: [BD 41-2384] Width mismatch when connecting pin: '/axi_smc_2/S00_AXI_awlock'(1) to pin: '/test_scalaire_0/m_axi_bus_res_AWLOCK'(2) - Only lower order bits will be connected.
VHDL Output written to : f:/projet_m2/git/zynq-oc-analysis/mk1/mk1_implement/mk1_implement.gen/sources_1/bd/design_1/synth/design_1.vhd
WARNING: [BD 41-2384] Width mismatch when connecting pin: '/blk_mem_gen_0/addra'(32) to pin: '/axi_bram_ctrl_0/bram_addr_a'(13) - Only lower order bits will be connected.
WARNING: [BD 41-2384] Width mismatch when connecting pin: '/blk_mem_gen_0/addrb'(32) to pin: '/axi_bram_ctrl_1/bram_addr_a'(13) - Only lower order bits will be connected.
WARNING: [BD 41-2384] Width mismatch when connecting pin: '/blk_mem_gen_1/addra'(32) to pin: '/axi_bram_ctrl_2/bram_addr_a'(13) - Only lower order bits will be connected.
WARNING: [BD 41-2384] Width mismatch when connecting pin: '/blk_mem_gen_1/addrb'(32) to pin: '/axi_bram_ctrl_3/bram_addr_a'(13) - Only lower order bits will be connected.
WARNING: [BD 41-2384] Width mismatch when connecting pin: '/blk_mem_gen_2/addra'(32) to pin: '/axi_bram_ctrl_4/bram_addr_a'(13) - Only lower order bits will be connected.
WARNING: [BD 41-2384] Width mismatch when connecting pin: '/blk_mem_gen_2/addrb'(32) to pin: '/axi_bram_ctrl_5/bram_addr_a'(13) - Only lower order bits will be connected.
WARNING: [BD 41-2384] Width mismatch when connecting pin: '/axi_smc/S00_AXI_arlock'(1) to pin: '/test_scalaire_0/m_axi_bus_A_ARLOCK'(2) - Only lower order bits will be connected.
WARNING: [BD 41-2384] Width mismatch when connecting pin: '/axi_smc/S00_AXI_awlock'(1) to pin: '/test_scalaire_0/m_axi_bus_A_AWLOCK'(2) - Only lower order bits will be connected.
WARNING: [BD 41-2384] Width mismatch when connecting pin: '/axi_smc_1/S00_AXI_arlock'(1) to pin: '/test_scalaire_0/m_axi_bus_B_ARLOCK'(2) - Only lower order bits will be connected.
WARNING: [BD 41-2384] Width mismatch when connecting pin: '/axi_smc_1/S00_AXI_awlock'(1) to pin: '/test_scalaire_0/m_axi_bus_B_AWLOCK'(2) - Only lower order bits will be connected.
WARNING: [BD 41-2384] Width mismatch when connecting pin: '/axi_smc_2/S00_AXI_arlock'(1) to pin: '/test_scalaire_0/m_axi_bus_res_ARLOCK'(2) - Only lower order bits will be connected.
WARNING: [BD 41-2384] Width mismatch when connecting pin: '/axi_smc_2/S00_AXI_awlock'(1) to pin: '/test_scalaire_0/m_axi_bus_res_AWLOCK'(2) - Only lower order bits will be connected.
VHDL Output written to : f:/projet_m2/git/zynq-oc-analysis/mk1/mk1_implement/mk1_implement.gen/sources_1/bd/design_1/sim/design_1.vhd
VHDL Output written to : f:/projet_m2/git/zynq-oc-analysis/mk1/mk1_implement/mk1_implement.gen/sources_1/bd/design_1/hdl/design_1_wrapper.vhd
Exporting to file f:/projet_m2/git/zynq-oc-analysis/mk1/mk1_implement/mk1_implement.gen/sources_1/bd/design_1/ip/design_1_axi_smc_0/bd_0/hw_handoff/design_1_axi_smc_0.hwh
Generated Block Design Tcl file f:/projet_m2/git/zynq-oc-analysis/mk1/mk1_implement/mk1_implement.gen/sources_1/bd/design_1/ip/design_1_axi_smc_0/bd_0/hw_handoff/design_1_axi_smc_0_bd.tcl
Generated Hardware Definition File f:/projet_m2/git/zynq-oc-analysis/mk1/mk1_implement/mk1_implement.gen/sources_1/bd/design_1/ip/design_1_axi_smc_0/bd_0/synth/design_1_axi_smc_0.hwdef
INFO: [BD 41-1029] Generation completed for the IP Integrator block axi_smc .
Exporting to file f:/projet_m2/git/zynq-oc-analysis/mk1/mk1_implement/mk1_implement.gen/sources_1/bd/design_1/ip/design_1_axi_smc_1_0/bd_0/hw_handoff/design_1_axi_smc_1_0.hwh
Generated Block Design Tcl file f:/projet_m2/git/zynq-oc-analysis/mk1/mk1_implement/mk1_implement.gen/sources_1/bd/design_1/ip/design_1_axi_smc_1_0/bd_0/hw_handoff/design_1_axi_smc_1_0_bd.tcl
Generated Hardware Definition File f:/projet_m2/git/zynq-oc-analysis/mk1/mk1_implement/mk1_implement.gen/sources_1/bd/design_1/ip/design_1_axi_smc_1_0/bd_0/synth/design_1_axi_smc_1_0.hwdef
INFO: [BD 41-1029] Generation completed for the IP Integrator block axi_smc_1 .
Exporting to file f:/projet_m2/git/zynq-oc-analysis/mk1/mk1_implement/mk1_implement.gen/sources_1/bd/design_1/ip/design_1_axi_smc_2_0/bd_0/hw_handoff/design_1_axi_smc_2_0.hwh
Generated Block Design Tcl file f:/projet_m2/git/zynq-oc-analysis/mk1/mk1_implement/mk1_implement.gen/sources_1/bd/design_1/ip/design_1_axi_smc_2_0/bd_0/hw_handoff/design_1_axi_smc_2_0_bd.tcl
Generated Hardware Definition File f:/projet_m2/git/zynq-oc-analysis/mk1/mk1_implement/mk1_implement.gen/sources_1/bd/design_1/ip/design_1_axi_smc_2_0/bd_0/synth/design_1_axi_smc_2_0.hwdef
INFO: [BD 41-1029] Generation completed for the IP Integrator block axi_smc_2 .
WARNING: [IP_Flow 19-519] IP 'design_1_test_scalaire_0_3' detected a language mismatch between 'Verilog Simulation Wrapper' and 'VHDL Simulation' output products. Please check with the IP provider to see if this is expected.
INFO: [BD 41-1029] Generation completed for the IP Integrator block test_scalaire_0 .
WARNING: [IP_Flow 19-4994] Overwriting existing constraint file 'f:/projet_m2/git/zynq-oc-analysis/mk1/mk1_implement/mk1_implement.gen/sources_1/bd/design_1/ip/design_1_auto_pc_3/design_1_auto_pc_3_ooc.xdc'
INFO: [BD 41-1029] Generation completed for the IP Integrator block axi_interconnect_0/s00_couplers/auto_pc .
WARNING: [IP_Flow 19-4994] Overwriting existing constraint file 'f:/projet_m2/git/zynq-oc-analysis/mk1/mk1_implement/mk1_implement.gen/sources_1/bd/design_1/ip/design_1_auto_pc_0_1/design_1_auto_pc_0_ooc.xdc'
INFO: [BD 41-1029] Generation completed for the IP Integrator block axi_interconnect_0/m00_couplers/auto_pc .
WARNING: [IP_Flow 19-4994] Overwriting existing constraint file 'f:/projet_m2/git/zynq-oc-analysis/mk1/mk1_implement/mk1_implement.gen/sources_1/bd/design_1/ip/design_1_auto_cc_0/design_1_auto_cc_0_ooc.xdc'
INFO: [IP_Flow 19-5611] Unable to find an associated reset port for the interface 'S_AXI'. A default connection has been created.
INFO: [IP_Flow 19-5611] Unable to find an associated reset port for the interface 'M_AXI'. A default connection has been created.
INFO: [BD 41-1029] Generation completed for the IP Integrator block axi_interconnect_0/m01_couplers/auto_cc .
WARNING: [IP_Flow 19-4994] Overwriting existing constraint file 'f:/projet_m2/git/zynq-oc-analysis/mk1/mk1_implement/mk1_implement.gen/sources_1/bd/design_1/ip/design_1_auto_pc_1_1/design_1_auto_pc_1_ooc.xdc'
INFO: [BD 41-1029] Generation completed for the IP Integrator block axi_interconnect_0/m01_couplers/auto_pc .
WARNING: [IP_Flow 19-4994] Overwriting existing constraint file 'f:/projet_m2/git/zynq-oc-analysis/mk1/mk1_implement/mk1_implement.gen/sources_1/bd/design_1/ip/design_1_auto_pc_2/design_1_auto_pc_2_ooc.xdc'
INFO: [BD 41-1029] Generation completed for the IP Integrator block axi_interconnect_0/m05_couplers/auto_pc .
Exporting to file f:/projet_m2/git/zynq-oc-analysis/mk1/mk1_implement/mk1_implement.gen/sources_1/bd/design_1/hw_handoff/design_1.hwh
Generated Block Design Tcl file f:/projet_m2/git/zynq-oc-analysis/mk1/mk1_implement/mk1_implement.gen/sources_1/bd/design_1/hw_handoff/design_1_bd.tcl
Generated Hardware Definition File f:/projet_m2/git/zynq-oc-analysis/mk1/mk1_implement/mk1_implement.gen/sources_1/bd/design_1/synth/design_1.hwdef
generate_target: Time (s): cpu = 00:01:17 ; elapsed = 00:01:39 . Memory (MB): peak = 2155.469 ; gain = 281.797
catch { config_ip_cache -export [get_ips -all design_1_axi_smc_0] }
INFO: [IP_Flow 19-4993] Using cached IP synthesis design for IP design_1_axi_smc_0, cache-ID = 598715c0c5bb3f2d; cache size = 252.030 MB.
catch { config_ip_cache -export [get_ips -all design_1_axi_smc_1_0] }
INFO: [IP_Flow 19-4993] Using cached IP synthesis design for IP design_1_axi_smc_1_0, cache-ID = 62bc6cb2b52aab73; cache size = 252.030 MB.
catch { config_ip_cache -export [get_ips -all design_1_axi_smc_2_0] }
INFO: [IP_Flow 19-4993] Using cached IP synthesis design for IP design_1_axi_smc_2_0, cache-ID = 6a3e975a2163eb74; cache size = 252.030 MB.
catch { config_ip_cache -export [get_ips -all design_1_test_scalaire_0_3] }
catch { config_ip_cache -export [get_ips -all design_1_auto_pc_3] }
INFO: [IP_Flow 19-4993] Using cached IP synthesis design for IP design_1_auto_pc_3, cache-ID = 9091a7de7ea67399; cache size = 252.030 MB.
catch { config_ip_cache -export [get_ips -all design_1_auto_pc_0] }
INFO: [IP_Flow 19-4993] Using cached IP synthesis design for IP design_1_auto_pc_0, cache-ID = bd3cb335aa2a54f2; cache size = 252.030 MB.
catch { config_ip_cache -export [get_ips -all design_1_auto_cc_0] }
INFO: [IP_Flow 19-4993] Using cached IP synthesis design for IP design_1_auto_cc_0, cache-ID = 94f91d3760a54ac8; cache size = 252.030 MB.
catch { config_ip_cache -export [get_ips -all design_1_auto_pc_1] }
INFO: [IP_Flow 19-4993] Using cached IP synthesis design for IP design_1_auto_pc_1, cache-ID = f215dcebfe0462e2; cache size = 252.030 MB.
catch { config_ip_cache -export [get_ips -all design_1_auto_pc_2] }
INFO: [IP_Flow 19-4993] Using cached IP synthesis design for IP design_1_auto_pc_2, cache-ID = bd3cb335aa2a54f2; cache size = 252.030 MB.
export_ip_user_files -of_objects [get_files F:/projet_m2/git/zynq-oc-analysis/mk1/mk1_implement/mk1_implement.srcs/sources_1/bd/design_1/design_1.bd] -no_script -sync -force -quiet
create_ip_run [get_files -of_objects [get_fileset sources_1] F:/projet_m2/git/zynq-oc-analysis/mk1/mk1_implement/mk1_implement.srcs/sources_1/bd/design_1/design_1.bd]
launch_runs design_1_test_scalaire_0_3_synth_1 -jobs 10
[Thu Jan 27 10:45:56 2022] Launched design_1_test_scalaire_0_3_synth_1...
Run output will be captured here: F:/projet_m2/git/zynq-oc-analysis/mk1/mk1_implement/mk1_implement.runs/design_1_test_scalaire_0_3_synth_1/runme.log
launch_runs: Time (s): cpu = 00:00:01 ; elapsed = 00:00:06 . Memory (MB): peak = 2170.199 ; gain = 14.730
export_simulation -of_objects [get_files F:/projet_m2/git/zynq-oc-analysis/mk1/mk1_implement/mk1_implement.srcs/sources_1/bd/design_1/design_1.bd] -directory F:/projet_m2/git/zynq-oc-analysis/mk1/mk1_implement/mk1_implement.ip_user_files/sim_scripts -ip_user_files_dir F:/projet_m2/git/zynq-oc-analysis/mk1/mk1_implement/mk1_implement.ip_user_files -ipstatic_source_dir F:/projet_m2/git/zynq-oc-analysis/mk1/mk1_implement/mk1_implement.ip_user_files/ipstatic -lib_map_path [list {modelsim=F:/projet_m2/git/zynq-oc-analysis/mk1/mk1_implement/mk1_implement.cache/compile_simlib/modelsim} {questa=F:/projet_m2/git/zynq-oc-analysis/mk1/mk1_implement/mk1_implement.cache/compile_simlib/questa} {riviera=F:/projet_m2/git/zynq-oc-analysis/mk1/mk1_implement/mk1_implement.cache/compile_simlib/riviera} {activehdl=F:/projet_m2/git/zynq-oc-analysis/mk1/mk1_implement/mk1_implement.cache/compile_simlib/activehdl}] -use_ip_compiled_libs -force -quiet
report_ip_status -name ip_status 
CRITICAL WARNING: [PSU-1]  Parameter : PCW_UIPARAM_DDR_DQS_TO_CLK_DELAY_0 has negative value -0.073 . PS DDR interfaces might fail when entering negative DQS skew values. 
CRITICAL WARNING: [PSU-2]  Parameter : PCW_UIPARAM_DDR_DQS_TO_CLK_DELAY_1 has negative value -0.034 . PS DDR interfaces might fail when entering negative DQS skew values. 
CRITICAL WARNING: [PSU-3]  Parameter : PCW_UIPARAM_DDR_DQS_TO_CLK_DELAY_2 has negative value -0.03 . PS DDR interfaces might fail when entering negative DQS skew values. 
CRITICAL WARNING: [PSU-4]  Parameter : PCW_UIPARAM_DDR_DQS_TO_CLK_DELAY_3 has negative value -0.082 . PS DDR interfaces might fail when entering negative DQS skew values. 
CRITICAL WARNING: [PSU-1]  Parameter : PCW_UIPARAM_DDR_DQS_TO_CLK_DELAY_0 has negative value -0.073 . PS DDR interfaces might fail when entering negative DQS skew values. 
CRITICAL WARNING: [PSU-2]  Parameter : PCW_UIPARAM_DDR_DQS_TO_CLK_DELAY_1 has negative value -0.034 . PS DDR interfaces might fail when entering negative DQS skew values. 
CRITICAL WARNING: [PSU-3]  Parameter : PCW_UIPARAM_DDR_DQS_TO_CLK_DELAY_2 has negative value -0.03 . PS DDR interfaces might fail when entering negative DQS skew values. 
CRITICAL WARNING: [PSU-4]  Parameter : PCW_UIPARAM_DDR_DQS_TO_CLK_DELAY_3 has negative value -0.082 . PS DDR interfaces might fail when entering negative DQS skew values. 
WARNING: [IP_Flow 19-474] Invalid Parameter 'Component_Name'
CRITICAL WARNING: [PSU-1]  Parameter : PCW_UIPARAM_DDR_DQS_TO_CLK_DELAY_0 has negative value -0.073 . PS DDR interfaces might fail when entering negative DQS skew values. 
CRITICAL WARNING: [PSU-2]  Parameter : PCW_UIPARAM_DDR_DQS_TO_CLK_DELAY_1 has negative value -0.034 . PS DDR interfaces might fail when entering negative DQS skew values. 
CRITICAL WARNING: [PSU-3]  Parameter : PCW_UIPARAM_DDR_DQS_TO_CLK_DELAY_2 has negative value -0.03 . PS DDR interfaces might fail when entering negative DQS skew values. 
CRITICAL WARNING: [PSU-4]  Parameter : PCW_UIPARAM_DDR_DQS_TO_CLK_DELAY_3 has negative value -0.082 . PS DDR interfaces might fail when entering negative DQS skew values. 
startgroup
set_property -dict [list CONFIG.PCW_FPGA0_PERIPHERAL_FREQMHZ {100}] [get_bd_cells processing_system7_0]
CRITICAL WARNING: [PSU-1]  Parameter : PCW_UIPARAM_DDR_DQS_TO_CLK_DELAY_0 has negative value -0.073 . PS DDR interfaces might fail when entering negative DQS skew values. 
CRITICAL WARNING: [PSU-2]  Parameter : PCW_UIPARAM_DDR_DQS_TO_CLK_DELAY_1 has negative value -0.034 . PS DDR interfaces might fail when entering negative DQS skew values. 
CRITICAL WARNING: [PSU-3]  Parameter : PCW_UIPARAM_DDR_DQS_TO_CLK_DELAY_2 has negative value -0.03 . PS DDR interfaces might fail when entering negative DQS skew values. 
CRITICAL WARNING: [PSU-4]  Parameter : PCW_UIPARAM_DDR_DQS_TO_CLK_DELAY_3 has negative value -0.082 . PS DDR interfaces might fail when entering negative DQS skew values. 
endgroup
update_ip_catalog -rebuild -scan_changes
INFO: [IP_Flow 19-234] Refreshing IP repositories
INFO: [IP_Flow 19-1700] Loaded user IP repository 'f:/projet_m2/git/zynq-oc-analysis/ip_scalaire'.
report_ip_status -name ip_status
upgrade_ip -vlnv xilinx.com:hls:test_scalaire:1.1 [get_ips  design_1_test_scalaire_0_3] -log ip_upgrade.log
Upgrading 'F:/projet_m2/git/zynq-oc-analysis/mk1/mk1_implement/mk1_implement.srcs/sources_1/bd/design_1/design_1.bd'
WARNING: [Vivado 12-1017] Problems encountered:
1. Failed to delete one or more files in run directory F:/projet_m2/git/zynq-oc-analysis/mk1/mk1_implement/mk1_implement.runs/design_1_test_scalaire_0_3_synth_1

INFO: [IP_Flow 19-3422] Upgraded design_1_test_scalaire_0_3 (ip_scal 1.1) from revision 2112350427 to revision 2112350435
Wrote  : <F:\projet_m2\git\zynq-oc-analysis\mk1\mk1_implement\mk1_implement.srcs\sources_1\bd\design_1\design_1.bd> 
INFO: [Coretcl 2-1525] Wrote upgrade log to 'F:/projet_m2/git/zynq-oc-analysis/mk1/mk1_implement/ip_upgrade.log'.
export_ip_user_files -of_objects [get_ips design_1_test_scalaire_0_3] -no_script -sync -force -quiet
generate_target all [get_files  F:/projet_m2/git/zynq-oc-analysis/mk1/mk1_implement/mk1_implement.srcs/sources_1/bd/design_1/design_1.bd]
WARNING: [BD 41-2670] Found an incomplete address path from address space '/processing_system7_0/Data' to master interface '/axi_interconnect_0/M06_AXI'. Please either complete or remove this path to resolve.
WARNING: [BD 5-699] No address segments matched 'get_bd_addr_segs -addressables -of_objects /axi_interconnect_0/xbar/M06_AXI'
CRITICAL WARNING: [PSU-1]  Parameter : PCW_UIPARAM_DDR_DQS_TO_CLK_DELAY_0 has negative value -0.073 . PS DDR interfaces might fail when entering negative DQS skew values. 
CRITICAL WARNING: [PSU-2]  Parameter : PCW_UIPARAM_DDR_DQS_TO_CLK_DELAY_1 has negative value -0.034 . PS DDR interfaces might fail when entering negative DQS skew values. 
CRITICAL WARNING: [PSU-3]  Parameter : PCW_UIPARAM_DDR_DQS_TO_CLK_DELAY_2 has negative value -0.03 . PS DDR interfaces might fail when entering negative DQS skew values. 
CRITICAL WARNING: [PSU-4]  Parameter : PCW_UIPARAM_DDR_DQS_TO_CLK_DELAY_3 has negative value -0.082 . PS DDR interfaces might fail when entering negative DQS skew values. 
INFO: [xilinx.com:ip:smartconnect:1.0-1] design_1_axi_smc_0: SmartConnect design_1_axi_smc_0 is in High-performance Mode.
INFO: [Ipptcl 7-1463] No Compatible Board Interface found. Board Tab not created in customize GUI
INFO: [xilinx.com:ip:smartconnect:1.0-1] design_1_axi_smc_1_0: SmartConnect design_1_axi_smc_1_0 is in High-performance Mode.
INFO: [Ipptcl 7-1463] No Compatible Board Interface found. Board Tab not created in customize GUI
INFO: [xilinx.com:ip:smartconnect:1.0-1] design_1_axi_smc_2_0: SmartConnect design_1_axi_smc_2_0 is in High-performance Mode.
INFO: [Ipptcl 7-1463] No Compatible Board Interface found. Board Tab not created in customize GUI
INFO: [xilinx.com:ip:clk_wiz:6.0-1] /clk_wiz_0 clk_wiz propagate
INFO: [xilinx.com:ip:clk_wiz:6.0-1] /clk_wiz_0 clk_wiz propagate
WARNING: [BD 41-927] Following properties on pin /test_scalaire_0/ap_clk have been updated from connected ip, but BD cell '/test_scalaire_0' does not accept parameter changes, so they may not be synchronized with cell properties:
	FREQ_HZ = 150000000 
Please resolve any mismatches by directly setting properties on BD cell </test_scalaire_0> to completely resolve these warnings.
Wrote  : <F:\projet_m2\git\zynq-oc-analysis\mk1\mk1_implement\mk1_implement.srcs\sources_1\bd\design_1\design_1.bd> 
WARNING: [BD 41-2384] Width mismatch when connecting pin: '/blk_mem_gen_0/addra'(32) to pin: '/axi_bram_ctrl_0/bram_addr_a'(13) - Only lower order bits will be connected.
WARNING: [BD 41-2384] Width mismatch when connecting pin: '/blk_mem_gen_0/addrb'(32) to pin: '/axi_bram_ctrl_1/bram_addr_a'(13) - Only lower order bits will be connected.
WARNING: [BD 41-2384] Width mismatch when connecting pin: '/blk_mem_gen_1/addra'(32) to pin: '/axi_bram_ctrl_2/bram_addr_a'(13) - Only lower order bits will be connected.
WARNING: [BD 41-2384] Width mismatch when connecting pin: '/blk_mem_gen_1/addrb'(32) to pin: '/axi_bram_ctrl_3/bram_addr_a'(13) - Only lower order bits will be connected.
WARNING: [BD 41-2384] Width mismatch when connecting pin: '/blk_mem_gen_2/addra'(32) to pin: '/axi_bram_ctrl_4/bram_addr_a'(13) - Only lower order bits will be connected.
WARNING: [BD 41-2384] Width mismatch when connecting pin: '/blk_mem_gen_2/addrb'(32) to pin: '/axi_bram_ctrl_5/bram_addr_a'(13) - Only lower order bits will be connected.
WARNING: [BD 41-2384] Width mismatch when connecting pin: '/axi_smc/S00_AXI_arlock'(1) to pin: '/test_scalaire_0/m_axi_bus_A_ARLOCK'(2) - Only lower order bits will be connected.
WARNING: [BD 41-2384] Width mismatch when connecting pin: '/axi_smc/S00_AXI_awlock'(1) to pin: '/test_scalaire_0/m_axi_bus_A_AWLOCK'(2) - Only lower order bits will be connected.
WARNING: [BD 41-2384] Width mismatch when connecting pin: '/axi_smc_1/S00_AXI_arlock'(1) to pin: '/test_scalaire_0/m_axi_bus_B_ARLOCK'(2) - Only lower order bits will be connected.
WARNING: [BD 41-2384] Width mismatch when connecting pin: '/axi_smc_1/S00_AXI_awlock'(1) to pin: '/test_scalaire_0/m_axi_bus_B_AWLOCK'(2) - Only lower order bits will be connected.
WARNING: [BD 41-2384] Width mismatch when connecting pin: '/axi_smc_2/S00_AXI_arlock'(1) to pin: '/test_scalaire_0/m_axi_bus_res_ARLOCK'(2) - Only lower order bits will be connected.
WARNING: [BD 41-2384] Width mismatch when connecting pin: '/axi_smc_2/S00_AXI_awlock'(1) to pin: '/test_scalaire_0/m_axi_bus_res_AWLOCK'(2) - Only lower order bits will be connected.
VHDL Output written to : f:/projet_m2/git/zynq-oc-analysis/mk1/mk1_implement/mk1_implement.gen/sources_1/bd/design_1/synth/design_1.vhd
WARNING: [BD 41-2384] Width mismatch when connecting pin: '/blk_mem_gen_0/addra'(32) to pin: '/axi_bram_ctrl_0/bram_addr_a'(13) - Only lower order bits will be connected.
WARNING: [BD 41-2384] Width mismatch when connecting pin: '/blk_mem_gen_0/addrb'(32) to pin: '/axi_bram_ctrl_1/bram_addr_a'(13) - Only lower order bits will be connected.
WARNING: [BD 41-2384] Width mismatch when connecting pin: '/blk_mem_gen_1/addra'(32) to pin: '/axi_bram_ctrl_2/bram_addr_a'(13) - Only lower order bits will be connected.
WARNING: [BD 41-2384] Width mismatch when connecting pin: '/blk_mem_gen_1/addrb'(32) to pin: '/axi_bram_ctrl_3/bram_addr_a'(13) - Only lower order bits will be connected.
WARNING: [BD 41-2384] Width mismatch when connecting pin: '/blk_mem_gen_2/addra'(32) to pin: '/axi_bram_ctrl_4/bram_addr_a'(13) - Only lower order bits will be connected.
WARNING: [BD 41-2384] Width mismatch when connecting pin: '/blk_mem_gen_2/addrb'(32) to pin: '/axi_bram_ctrl_5/bram_addr_a'(13) - Only lower order bits will be connected.
WARNING: [BD 41-2384] Width mismatch when connecting pin: '/axi_smc/S00_AXI_arlock'(1) to pin: '/test_scalaire_0/m_axi_bus_A_ARLOCK'(2) - Only lower order bits will be connected.
WARNING: [BD 41-2384] Width mismatch when connecting pin: '/axi_smc/S00_AXI_awlock'(1) to pin: '/test_scalaire_0/m_axi_bus_A_AWLOCK'(2) - Only lower order bits will be connected.
WARNING: [BD 41-2384] Width mismatch when connecting pin: '/axi_smc_1/S00_AXI_arlock'(1) to pin: '/test_scalaire_0/m_axi_bus_B_ARLOCK'(2) - Only lower order bits will be connected.
WARNING: [BD 41-2384] Width mismatch when connecting pin: '/axi_smc_1/S00_AXI_awlock'(1) to pin: '/test_scalaire_0/m_axi_bus_B_AWLOCK'(2) - Only lower order bits will be connected.
WARNING: [BD 41-2384] Width mismatch when connecting pin: '/axi_smc_2/S00_AXI_arlock'(1) to pin: '/test_scalaire_0/m_axi_bus_res_ARLOCK'(2) - Only lower order bits will be connected.
WARNING: [BD 41-2384] Width mismatch when connecting pin: '/axi_smc_2/S00_AXI_awlock'(1) to pin: '/test_scalaire_0/m_axi_bus_res_AWLOCK'(2) - Only lower order bits will be connected.
VHDL Output written to : f:/projet_m2/git/zynq-oc-analysis/mk1/mk1_implement/mk1_implement.gen/sources_1/bd/design_1/sim/design_1.vhd
VHDL Output written to : f:/projet_m2/git/zynq-oc-analysis/mk1/mk1_implement/mk1_implement.gen/sources_1/bd/design_1/hdl/design_1_wrapper.vhd
INFO: [IP_Flow 19-5611] Unable to find an associated reset port for the interface 'M_AXI_GP0'. A default connection has been created.
INFO: [BD 41-1029] Generation completed for the IP Integrator block processing_system7_0 .
INFO: [BD 41-1029] Generation completed for the IP Integrator block rst_ps7_0_100M .
INFO: [BD 41-1029] Generation completed for the IP Integrator block axi_interconnect_0/xbar .
INFO: [BD 41-1029] Generation completed for the IP Integrator block axi_bram_ctrl_0 .
INFO: [BD 41-1029] Generation completed for the IP Integrator block axi_bram_ctrl_2 .
INFO: [BD 41-1029] Generation completed for the IP Integrator block axi_bram_ctrl_4 .
Exporting to file f:/projet_m2/git/zynq-oc-analysis/mk1/mk1_implement/mk1_implement.gen/sources_1/bd/design_1/ip/design_1_axi_smc_0/bd_0/hw_handoff/design_1_axi_smc_0.hwh
Generated Block Design Tcl file f:/projet_m2/git/zynq-oc-analysis/mk1/mk1_implement/mk1_implement.gen/sources_1/bd/design_1/ip/design_1_axi_smc_0/bd_0/hw_handoff/design_1_axi_smc_0_bd.tcl
Generated Hardware Definition File f:/projet_m2/git/zynq-oc-analysis/mk1/mk1_implement/mk1_implement.gen/sources_1/bd/design_1/ip/design_1_axi_smc_0/bd_0/synth/design_1_axi_smc_0.hwdef
INFO: [BD 41-1029] Generation completed for the IP Integrator block axi_smc .
Exporting to file f:/projet_m2/git/zynq-oc-analysis/mk1/mk1_implement/mk1_implement.gen/sources_1/bd/design_1/ip/design_1_axi_smc_1_0/bd_0/hw_handoff/design_1_axi_smc_1_0.hwh
Generated Block Design Tcl file f:/projet_m2/git/zynq-oc-analysis/mk1/mk1_implement/mk1_implement.gen/sources_1/bd/design_1/ip/design_1_axi_smc_1_0/bd_0/hw_handoff/design_1_axi_smc_1_0_bd.tcl
Generated Hardware Definition File f:/projet_m2/git/zynq-oc-analysis/mk1/mk1_implement/mk1_implement.gen/sources_1/bd/design_1/ip/design_1_axi_smc_1_0/bd_0/synth/design_1_axi_smc_1_0.hwdef
INFO: [BD 41-1029] Generation completed for the IP Integrator block axi_smc_1 .
Exporting to file f:/projet_m2/git/zynq-oc-analysis/mk1/mk1_implement/mk1_implement.gen/sources_1/bd/design_1/ip/design_1_axi_smc_2_0/bd_0/hw_handoff/design_1_axi_smc_2_0.hwh
Generated Block Design Tcl file f:/projet_m2/git/zynq-oc-analysis/mk1/mk1_implement/mk1_implement.gen/sources_1/bd/design_1/ip/design_1_axi_smc_2_0/bd_0/hw_handoff/design_1_axi_smc_2_0_bd.tcl
Generated Hardware Definition File f:/projet_m2/git/zynq-oc-analysis/mk1/mk1_implement/mk1_implement.gen/sources_1/bd/design_1/ip/design_1_axi_smc_2_0/bd_0/synth/design_1_axi_smc_2_0.hwdef
INFO: [BD 41-1029] Generation completed for the IP Integrator block axi_smc_2 .
WARNING: [IP_Flow 19-519] IP 'design_1_test_scalaire_0_3' detected a language mismatch between 'Verilog Simulation Wrapper' and 'VHDL Simulation' output products. Please check with the IP provider to see if this is expected.
INFO: [BD 41-1029] Generation completed for the IP Integrator block test_scalaire_0 .
WARNING: [IP_Flow 19-4994] Overwriting existing constraint file 'f:/projet_m2/git/zynq-oc-analysis/mk1/mk1_implement/mk1_implement.gen/sources_1/bd/design_1/ip/design_1_auto_pc_3/design_1_auto_pc_3_ooc.xdc'
INFO: [BD 41-1029] Generation completed for the IP Integrator block axi_interconnect_0/s00_couplers/auto_pc .
WARNING: [IP_Flow 19-4994] Overwriting existing constraint file 'f:/projet_m2/git/zynq-oc-analysis/mk1/mk1_implement/mk1_implement.gen/sources_1/bd/design_1/ip/design_1_auto_pc_0_1/design_1_auto_pc_0_ooc.xdc'
INFO: [BD 41-1029] Generation completed for the IP Integrator block axi_interconnect_0/m00_couplers/auto_pc .
WARNING: [IP_Flow 19-4994] Overwriting existing constraint file 'f:/projet_m2/git/zynq-oc-analysis/mk1/mk1_implement/mk1_implement.gen/sources_1/bd/design_1/ip/design_1_auto_cc_0/design_1_auto_cc_0_ooc.xdc'
INFO: [IP_Flow 19-5611] Unable to find an associated reset port for the interface 'S_AXI'. A default connection has been created.
INFO: [IP_Flow 19-5611] Unable to find an associated reset port for the interface 'M_AXI'. A default connection has been created.
INFO: [BD 41-1029] Generation completed for the IP Integrator block axi_interconnect_0/m01_couplers/auto_cc .
WARNING: [IP_Flow 19-4994] Overwriting existing constraint file 'f:/projet_m2/git/zynq-oc-analysis/mk1/mk1_implement/mk1_implement.gen/sources_1/bd/design_1/ip/design_1_auto_pc_1_1/design_1_auto_pc_1_ooc.xdc'
INFO: [BD 41-1029] Generation completed for the IP Integrator block axi_interconnect_0/m01_couplers/auto_pc .
WARNING: [IP_Flow 19-4994] Overwriting existing constraint file 'f:/projet_m2/git/zynq-oc-analysis/mk1/mk1_implement/mk1_implement.gen/sources_1/bd/design_1/ip/design_1_auto_pc_2/design_1_auto_pc_2_ooc.xdc'
INFO: [BD 41-1029] Generation completed for the IP Integrator block axi_interconnect_0/m05_couplers/auto_pc .
Exporting to file f:/projet_m2/git/zynq-oc-analysis/mk1/mk1_implement/mk1_implement.gen/sources_1/bd/design_1/hw_handoff/design_1.hwh
Generated Block Design Tcl file f:/projet_m2/git/zynq-oc-analysis/mk1/mk1_implement/mk1_implement.gen/sources_1/bd/design_1/hw_handoff/design_1_bd.tcl
Generated Hardware Definition File f:/projet_m2/git/zynq-oc-analysis/mk1/mk1_implement/mk1_implement.gen/sources_1/bd/design_1/synth/design_1.hwdef
generate_target: Time (s): cpu = 00:01:42 ; elapsed = 00:01:45 . Memory (MB): peak = 2336.969 ; gain = 59.133
catch { config_ip_cache -export [get_ips -all design_1_processing_system7_0_0] }
INFO: [IP_Flow 19-4993] Using cached IP synthesis design for IP design_1_processing_system7_0_0, cache-ID = 8929caaad836fa17; cache size = 252.030 MB.
catch { [ delete_ip_run [get_ips -all design_1_processing_system7_0_0] ] }
WARNING: [Vivado 12-1017] Problems encountered:
1. Failed to delete one or more files in run directory F:/projet_m2/git/zynq-oc-analysis/mk1/mk1_implement/mk1_implement.runs/design_1_processing_system7_0_0_synth_1

catch { config_ip_cache -export [get_ips -all design_1_rst_ps7_0_100M_0] }
INFO: [IP_Flow 19-4993] Using cached IP synthesis design for IP design_1_rst_ps7_0_100M_0, cache-ID = a7b62fdbbff1a3d5; cache size = 252.030 MB.
catch { [ delete_ip_run [get_ips -all design_1_rst_ps7_0_100M_0] ] }
WARNING: [Vivado 12-1017] Problems encountered:
1. Failed to delete one or more files in run directory F:/projet_m2/git/zynq-oc-analysis/mk1/mk1_implement/mk1_implement.runs/design_1_rst_ps7_0_100M_0_synth_1

catch { config_ip_cache -export [get_ips -all design_1_xbar_0] }
INFO: [IP_Flow 19-4993] Using cached IP synthesis design for IP design_1_xbar_0, cache-ID = a9fcc1757237e18e; cache size = 252.030 MB.
catch { [ delete_ip_run [get_ips -all design_1_xbar_0] ] }
WARNING: [Vivado 12-1017] Problems encountered:
1. Failed to delete one or more files in run directory F:/projet_m2/git/zynq-oc-analysis/mk1/mk1_implement/mk1_implement.runs/design_1_xbar_0_synth_1

catch { config_ip_cache -export [get_ips -all design_1_axi_bram_ctrl_0_0] }
INFO: [IP_Flow 19-4993] Using cached IP synthesis design for IP design_1_axi_bram_ctrl_0_0, cache-ID = 957a2c0d22e6ad6f; cache size = 252.030 MB.
catch { [ delete_ip_run [get_ips -all design_1_axi_bram_ctrl_0_0] ] }
WARNING: [Vivado 12-1017] Problems encountered:
1. Failed to delete one or more files in run directory F:/projet_m2/git/zynq-oc-analysis/mk1/mk1_implement/mk1_implement.runs/design_1_axi_bram_ctrl_0_0_synth_1

catch { config_ip_cache -export [get_ips -all design_1_axi_bram_ctrl_0_2] }
INFO: [IP_Flow 19-4993] Using cached IP synthesis design for IP design_1_axi_bram_ctrl_0_2, cache-ID = 957a2c0d22e6ad6f; cache size = 252.030 MB.
catch { [ delete_ip_run [get_ips -all design_1_axi_bram_ctrl_0_2] ] }
WARNING: [Vivado 12-1017] Problems encountered:
1. Failed to delete one or more files in run directory F:/projet_m2/git/zynq-oc-analysis/mk1/mk1_implement/mk1_implement.runs/design_1_axi_bram_ctrl_0_2_synth_1

catch { config_ip_cache -export [get_ips -all design_1_axi_bram_ctrl_0_4] }
INFO: [IP_Flow 19-4993] Using cached IP synthesis design for IP design_1_axi_bram_ctrl_0_4, cache-ID = 957a2c0d22e6ad6f; cache size = 252.030 MB.
catch { [ delete_ip_run [get_ips -all design_1_axi_bram_ctrl_0_4] ] }
WARNING: [Vivado 12-1017] Problems encountered:
1. Failed to delete one or more files in run directory F:/projet_m2/git/zynq-oc-analysis/mk1/mk1_implement/mk1_implement.runs/design_1_axi_bram_ctrl_0_4_synth_1

catch { config_ip_cache -export [get_ips -all design_1_axi_smc_0] }
INFO: [IP_Flow 19-4993] Using cached IP synthesis design for IP design_1_axi_smc_0, cache-ID = 598715c0c5bb3f2d; cache size = 252.030 MB.
catch { config_ip_cache -export [get_ips -all design_1_axi_smc_1_0] }
INFO: [IP_Flow 19-4993] Using cached IP synthesis design for IP design_1_axi_smc_1_0, cache-ID = 62bc6cb2b52aab73; cache size = 252.030 MB.
catch { config_ip_cache -export [get_ips -all design_1_axi_smc_2_0] }
INFO: [IP_Flow 19-4993] Using cached IP synthesis design for IP design_1_axi_smc_2_0, cache-ID = 6a3e975a2163eb74; cache size = 252.030 MB.
catch { config_ip_cache -export [get_ips -all design_1_test_scalaire_0_3] }
catch { config_ip_cache -export [get_ips -all design_1_auto_pc_3] }
INFO: [IP_Flow 19-4993] Using cached IP synthesis design for IP design_1_auto_pc_3, cache-ID = 0215b430e2e7e786; cache size = 252.030 MB.
catch { config_ip_cache -export [get_ips -all design_1_auto_pc_0] }
INFO: [IP_Flow 19-4993] Using cached IP synthesis design for IP design_1_auto_pc_0, cache-ID = 5493cab152080ca4; cache size = 252.030 MB.
catch { config_ip_cache -export [get_ips -all design_1_auto_cc_0] }
INFO: [IP_Flow 19-4993] Using cached IP synthesis design for IP design_1_auto_cc_0, cache-ID = c659a062886948dc; cache size = 252.030 MB.
catch { config_ip_cache -export [get_ips -all design_1_auto_pc_1] }
INFO: [IP_Flow 19-4993] Using cached IP synthesis design for IP design_1_auto_pc_1, cache-ID = f215dcebfe0462e2; cache size = 252.030 MB.
catch { config_ip_cache -export [get_ips -all design_1_auto_pc_2] }
INFO: [IP_Flow 19-4993] Using cached IP synthesis design for IP design_1_auto_pc_2, cache-ID = 5493cab152080ca4; cache size = 252.030 MB.
export_ip_user_files -of_objects [get_files F:/projet_m2/git/zynq-oc-analysis/mk1/mk1_implement/mk1_implement.srcs/sources_1/bd/design_1/design_1.bd] -no_script -sync -force -quiet
create_ip_run [get_files -of_objects [get_fileset sources_1] F:/projet_m2/git/zynq-oc-analysis/mk1/mk1_implement/mk1_implement.srcs/sources_1/bd/design_1/design_1.bd]
launch_runs design_1_test_scalaire_0_3_synth_1 -jobs 10
[Thu Jan 27 10:49:49 2022] Launched design_1_test_scalaire_0_3_synth_1...
Run output will be captured here: F:/projet_m2/git/zynq-oc-analysis/mk1/mk1_implement/mk1_implement.runs/design_1_test_scalaire_0_3_synth_1/runme.log
launch_runs: Time (s): cpu = 00:00:00 ; elapsed = 00:00:06 . Memory (MB): peak = 2341.129 ; gain = 0.000
export_simulation -of_objects [get_files F:/projet_m2/git/zynq-oc-analysis/mk1/mk1_implement/mk1_implement.srcs/sources_1/bd/design_1/design_1.bd] -directory F:/projet_m2/git/zynq-oc-analysis/mk1/mk1_implement/mk1_implement.ip_user_files/sim_scripts -ip_user_files_dir F:/projet_m2/git/zynq-oc-analysis/mk1/mk1_implement/mk1_implement.ip_user_files -ipstatic_source_dir F:/projet_m2/git/zynq-oc-analysis/mk1/mk1_implement/mk1_implement.ip_user_files/ipstatic -lib_map_path [list {modelsim=F:/projet_m2/git/zynq-oc-analysis/mk1/mk1_implement/mk1_implement.cache/compile_simlib/modelsim} {questa=F:/projet_m2/git/zynq-oc-analysis/mk1/mk1_implement/mk1_implement.cache/compile_simlib/questa} {riviera=F:/projet_m2/git/zynq-oc-analysis/mk1/mk1_implement/mk1_implement.cache/compile_simlib/riviera} {activehdl=F:/projet_m2/git/zynq-oc-analysis/mk1/mk1_implement/mk1_implement.cache/compile_simlib/activehdl}] -use_ip_compiled_libs -force -quiet
report_ip_status -name ip_status 
reset_run synth_1
WARNING: [Vivado 12-1017] Problems encountered:
1. Failed to delete one or more files in run directory F:/projet_m2/git/zynq-oc-analysis/mk1/mk1_implement/mk1_implement.runs/synth_1

launch_runs impl_1 -to_step write_bitstream -jobs 10
[Thu Jan 27 10:50:38 2022] Launched design_1_test_scalaire_0_3_synth_1, synth_1...
Run output will be captured here:
design_1_test_scalaire_0_3_synth_1: F:/projet_m2/git/zynq-oc-analysis/mk1/mk1_implement/mk1_implement.runs/design_1_test_scalaire_0_3_synth_1/runme.log
synth_1: F:/projet_m2/git/zynq-oc-analysis/mk1/mk1_implement/mk1_implement.runs/synth_1/runme.log
[Thu Jan 27 10:50:38 2022] Launched impl_1...
Run output will be captured here: F:/projet_m2/git/zynq-oc-analysis/mk1/mk1_implement/mk1_implement.runs/impl_1/runme.log
open_hw_manager
connect_hw_server -allow_non_jtag
INFO: [Labtools 27-2285] Connecting to hw_server url TCP:localhost:3121
INFO: [Labtools 27-2222] Launching hw_server...
INFO: [Labtools 27-2221] Launch Output:

****** Xilinx hw_server v2021.1
  **** Build date : Jun 10 2021 at 20:17:23
    ** Copyright 1986-2021 Xilinx, Inc. All Rights Reserved.


INFO: [Labtools 27-3415] Connecting to cs_server url TCP:localhost:3042
INFO: [Labtools 27-3417] Launching cs_server...
INFO: [Labtools 27-2221] Launch Output:


******** Xilinx cs_server v2021.1
  ****** Build date   : May 26 2021-19:32:33
    **** Build number : 2021.1.1622050353
      ** Copyright 2017-2022 Xilinx, Inc. All Rights Reserved.



connect_hw_server: Time (s): cpu = 00:00:01 ; elapsed = 00:00:08 . Memory (MB): peak = 2345.266 ; gain = 0.000
open_hw_target
INFO: [Labtoolstcl 44-466] Opening hw_target localhost:3121/xilinx_tcf/Digilent/210279653926A
open_hw_target: Time (s): cpu = 00:00:05 ; elapsed = 00:00:09 . Memory (MB): peak = 4071.480 ; gain = 1726.215
set_property PROGRAM.FILE {F:/projet_m2/git/zynq-oc-analysis/mk1/mk1_implement/mk1_implement.runs/impl_1/design_1_wrapper.bit} [get_hw_devices xc7z010_1]
current_hw_device [get_hw_devices xc7z010_1]
refresh_hw_device -update_hw_probes false [lindex [get_hw_devices xc7z010_1] 0]
INFO: [Labtools 27-1434] Device xc7z010 (JTAG device index = 1) is programmed with a design that has no supported debug core(s) in it.
set_property PROBES.FILE {} [get_hw_devices xc7z010_1]
set_property FULL_PROBES.FILE {} [get_hw_devices xc7z010_1]
set_property PROGRAM.FILE {F:/projet_m2/git/zynq-oc-analysis/mk1/mk1_implement/mk1_implement.runs/impl_1/design_1_wrapper.bit} [get_hw_devices xc7z010_1]
program_hw_devices [get_hw_devices xc7z010_1]
INFO: [Labtools 27-3164] End of startup status: HIGH
refresh_hw_device [lindex [get_hw_devices xc7z010_1] 0]
INFO: [Labtools 27-1434] Device xc7z010 (JTAG device index = 1) is programmed with a design that has no supported debug core(s) in it.
open_bd_design {F:/projet_m2/git/zynq-oc-analysis/mk1/mk1_implement/mk1_implement.srcs/sources_1/bd/design_1/design_1.bd}
WARNING: [IP_Flow 19-4318] IP-XACT file does not exist: f:/projet_m2/git/zynq-oc-analysis/ip_scalaire/ip_scalaire/impl/ip/component.xml. It will be created.
update_ip_catalog -rebuild -scan_changes
INFO: [IP_Flow 19-234] Refreshing IP repositories
INFO: [IP_Flow 19-1700] Loaded user IP repository 'f:/projet_m2/git/zynq-oc-analysis/ip_scalaire'.
report_ip_status -name ip_status
upgrade_ip -vlnv xilinx.com:hls:test_scalaire:1.1 [get_ips  design_1_test_scalaire_0_3] -log ip_upgrade.log
Upgrading 'F:/projet_m2/git/zynq-oc-analysis/mk1/mk1_implement/mk1_implement.srcs/sources_1/bd/design_1/design_1.bd'
WARNING: [Vivado 12-1017] Problems encountered:
1. Failed to delete one or more files in run directory F:/projet_m2/git/zynq-oc-analysis/mk1/mk1_implement/mk1_implement.runs/design_1_test_scalaire_0_3_synth_1

INFO: [IP_Flow 19-3422] Upgraded design_1_test_scalaire_0_3 (ip_scal 1.1) from revision 2112350435 to revision 2112350470
Wrote  : <F:\projet_m2\git\zynq-oc-analysis\mk1\mk1_implement\mk1_implement.srcs\sources_1\bd\design_1\design_1.bd> 
Wrote  : <F:/projet_m2/git/zynq-oc-analysis/mk1/mk1_implement/mk1_implement.srcs/sources_1/bd/design_1/ui/bd_1f5defd0.ui> 
INFO: [Coretcl 2-1525] Wrote upgrade log to 'F:/projet_m2/git/zynq-oc-analysis/mk1/mk1_implement/ip_upgrade.log'.
export_ip_user_files -of_objects [get_ips design_1_test_scalaire_0_3] -no_script -sync -force -quiet
generate_target all [get_files  F:/projet_m2/git/zynq-oc-analysis/mk1/mk1_implement/mk1_implement.srcs/sources_1/bd/design_1/design_1.bd]
WARNING: [BD 41-2670] Found an incomplete address path from address space '/processing_system7_0/Data' to master interface '/axi_interconnect_0/M06_AXI'. Please either complete or remove this path to resolve.
WARNING: [BD 5-699] No address segments matched 'get_bd_addr_segs -addressables -of_objects /axi_interconnect_0/xbar/M06_AXI'
INFO: [xilinx.com:ip:smartconnect:1.0-1] design_1_axi_smc_0: SmartConnect design_1_axi_smc_0 is in High-performance Mode.
INFO: [Ipptcl 7-1463] No Compatible Board Interface found. Board Tab not created in customize GUI
INFO: [xilinx.com:ip:smartconnect:1.0-1] design_1_axi_smc_1_0: SmartConnect design_1_axi_smc_1_0 is in High-performance Mode.
INFO: [Ipptcl 7-1463] No Compatible Board Interface found. Board Tab not created in customize GUI
INFO: [xilinx.com:ip:smartconnect:1.0-1] design_1_axi_smc_2_0: SmartConnect design_1_axi_smc_2_0 is in High-performance Mode.
INFO: [Ipptcl 7-1463] No Compatible Board Interface found. Board Tab not created in customize GUI
INFO: [xilinx.com:ip:clk_wiz:6.0-1] /clk_wiz_0 clk_wiz propagate
INFO: [xilinx.com:ip:clk_wiz:6.0-1] /clk_wiz_0 clk_wiz propagate
WARNING: [BD 41-927] Following properties on pin /test_scalaire_0/ap_clk have been updated from connected ip, but BD cell '/test_scalaire_0' does not accept parameter changes, so they may not be synchronized with cell properties:
	FREQ_HZ = 150000000 
Please resolve any mismatches by directly setting properties on BD cell </test_scalaire_0> to completely resolve these warnings.
Wrote  : <F:\projet_m2\git\zynq-oc-analysis\mk1\mk1_implement\mk1_implement.srcs\sources_1\bd\design_1\design_1.bd> 
WARNING: [BD 41-2384] Width mismatch when connecting pin: '/blk_mem_gen_0/addra'(32) to pin: '/axi_bram_ctrl_0/bram_addr_a'(13) - Only lower order bits will be connected.
WARNING: [BD 41-2384] Width mismatch when connecting pin: '/blk_mem_gen_0/addrb'(32) to pin: '/axi_bram_ctrl_1/bram_addr_a'(13) - Only lower order bits will be connected.
WARNING: [BD 41-2384] Width mismatch when connecting pin: '/blk_mem_gen_1/addra'(32) to pin: '/axi_bram_ctrl_2/bram_addr_a'(13) - Only lower order bits will be connected.
WARNING: [BD 41-2384] Width mismatch when connecting pin: '/blk_mem_gen_1/addrb'(32) to pin: '/axi_bram_ctrl_3/bram_addr_a'(13) - Only lower order bits will be connected.
WARNING: [BD 41-2384] Width mismatch when connecting pin: '/blk_mem_gen_2/addra'(32) to pin: '/axi_bram_ctrl_4/bram_addr_a'(13) - Only lower order bits will be connected.
WARNING: [BD 41-2384] Width mismatch when connecting pin: '/blk_mem_gen_2/addrb'(32) to pin: '/axi_bram_ctrl_5/bram_addr_a'(13) - Only lower order bits will be connected.
WARNING: [BD 41-2384] Width mismatch when connecting pin: '/axi_smc/S00_AXI_arlock'(1) to pin: '/test_scalaire_0/m_axi_bus_A_ARLOCK'(2) - Only lower order bits will be connected.
WARNING: [BD 41-2384] Width mismatch when connecting pin: '/axi_smc/S00_AXI_awlock'(1) to pin: '/test_scalaire_0/m_axi_bus_A_AWLOCK'(2) - Only lower order bits will be connected.
WARNING: [BD 41-2384] Width mismatch when connecting pin: '/axi_smc_1/S00_AXI_arlock'(1) to pin: '/test_scalaire_0/m_axi_bus_B_ARLOCK'(2) - Only lower order bits will be connected.
WARNING: [BD 41-2384] Width mismatch when connecting pin: '/axi_smc_1/S00_AXI_awlock'(1) to pin: '/test_scalaire_0/m_axi_bus_B_AWLOCK'(2) - Only lower order bits will be connected.
WARNING: [BD 41-2384] Width mismatch when connecting pin: '/axi_smc_2/S00_AXI_arlock'(1) to pin: '/test_scalaire_0/m_axi_bus_res_ARLOCK'(2) - Only lower order bits will be connected.
WARNING: [BD 41-2384] Width mismatch when connecting pin: '/axi_smc_2/S00_AXI_awlock'(1) to pin: '/test_scalaire_0/m_axi_bus_res_AWLOCK'(2) - Only lower order bits will be connected.
VHDL Output written to : f:/projet_m2/git/zynq-oc-analysis/mk1/mk1_implement/mk1_implement.gen/sources_1/bd/design_1/synth/design_1.vhd
WARNING: [BD 41-2384] Width mismatch when connecting pin: '/blk_mem_gen_0/addra'(32) to pin: '/axi_bram_ctrl_0/bram_addr_a'(13) - Only lower order bits will be connected.
WARNING: [BD 41-2384] Width mismatch when connecting pin: '/blk_mem_gen_0/addrb'(32) to pin: '/axi_bram_ctrl_1/bram_addr_a'(13) - Only lower order bits will be connected.
WARNING: [BD 41-2384] Width mismatch when connecting pin: '/blk_mem_gen_1/addra'(32) to pin: '/axi_bram_ctrl_2/bram_addr_a'(13) - Only lower order bits will be connected.
WARNING: [BD 41-2384] Width mismatch when connecting pin: '/blk_mem_gen_1/addrb'(32) to pin: '/axi_bram_ctrl_3/bram_addr_a'(13) - Only lower order bits will be connected.
WARNING: [BD 41-2384] Width mismatch when connecting pin: '/blk_mem_gen_2/addra'(32) to pin: '/axi_bram_ctrl_4/bram_addr_a'(13) - Only lower order bits will be connected.
WARNING: [BD 41-2384] Width mismatch when connecting pin: '/blk_mem_gen_2/addrb'(32) to pin: '/axi_bram_ctrl_5/bram_addr_a'(13) - Only lower order bits will be connected.
WARNING: [BD 41-2384] Width mismatch when connecting pin: '/axi_smc/S00_AXI_arlock'(1) to pin: '/test_scalaire_0/m_axi_bus_A_ARLOCK'(2) - Only lower order bits will be connected.
WARNING: [BD 41-2384] Width mismatch when connecting pin: '/axi_smc/S00_AXI_awlock'(1) to pin: '/test_scalaire_0/m_axi_bus_A_AWLOCK'(2) - Only lower order bits will be connected.
WARNING: [BD 41-2384] Width mismatch when connecting pin: '/axi_smc_1/S00_AXI_arlock'(1) to pin: '/test_scalaire_0/m_axi_bus_B_ARLOCK'(2) - Only lower order bits will be connected.
WARNING: [BD 41-2384] Width mismatch when connecting pin: '/axi_smc_1/S00_AXI_awlock'(1) to pin: '/test_scalaire_0/m_axi_bus_B_AWLOCK'(2) - Only lower order bits will be connected.
WARNING: [BD 41-2384] Width mismatch when connecting pin: '/axi_smc_2/S00_AXI_arlock'(1) to pin: '/test_scalaire_0/m_axi_bus_res_ARLOCK'(2) - Only lower order bits will be connected.
WARNING: [BD 41-2384] Width mismatch when connecting pin: '/axi_smc_2/S00_AXI_awlock'(1) to pin: '/test_scalaire_0/m_axi_bus_res_AWLOCK'(2) - Only lower order bits will be connected.
VHDL Output written to : f:/projet_m2/git/zynq-oc-analysis/mk1/mk1_implement/mk1_implement.gen/sources_1/bd/design_1/sim/design_1.vhd
VHDL Output written to : f:/projet_m2/git/zynq-oc-analysis/mk1/mk1_implement/mk1_implement.gen/sources_1/bd/design_1/hdl/design_1_wrapper.vhd
Exporting to file f:/projet_m2/git/zynq-oc-analysis/mk1/mk1_implement/mk1_implement.gen/sources_1/bd/design_1/ip/design_1_axi_smc_0/bd_0/hw_handoff/design_1_axi_smc_0.hwh
Generated Block Design Tcl file f:/projet_m2/git/zynq-oc-analysis/mk1/mk1_implement/mk1_implement.gen/sources_1/bd/design_1/ip/design_1_axi_smc_0/bd_0/hw_handoff/design_1_axi_smc_0_bd.tcl
Generated Hardware Definition File f:/projet_m2/git/zynq-oc-analysis/mk1/mk1_implement/mk1_implement.gen/sources_1/bd/design_1/ip/design_1_axi_smc_0/bd_0/synth/design_1_axi_smc_0.hwdef
INFO: [BD 41-1029] Generation completed for the IP Integrator block axi_smc .
Exporting to file f:/projet_m2/git/zynq-oc-analysis/mk1/mk1_implement/mk1_implement.gen/sources_1/bd/design_1/ip/design_1_axi_smc_1_0/bd_0/hw_handoff/design_1_axi_smc_1_0.hwh
Generated Block Design Tcl file f:/projet_m2/git/zynq-oc-analysis/mk1/mk1_implement/mk1_implement.gen/sources_1/bd/design_1/ip/design_1_axi_smc_1_0/bd_0/hw_handoff/design_1_axi_smc_1_0_bd.tcl
Generated Hardware Definition File f:/projet_m2/git/zynq-oc-analysis/mk1/mk1_implement/mk1_implement.gen/sources_1/bd/design_1/ip/design_1_axi_smc_1_0/bd_0/synth/design_1_axi_smc_1_0.hwdef
INFO: [BD 41-1029] Generation completed for the IP Integrator block axi_smc_1 .
Exporting to file f:/projet_m2/git/zynq-oc-analysis/mk1/mk1_implement/mk1_implement.gen/sources_1/bd/design_1/ip/design_1_axi_smc_2_0/bd_0/hw_handoff/design_1_axi_smc_2_0.hwh
Generated Block Design Tcl file f:/projet_m2/git/zynq-oc-analysis/mk1/mk1_implement/mk1_implement.gen/sources_1/bd/design_1/ip/design_1_axi_smc_2_0/bd_0/hw_handoff/design_1_axi_smc_2_0_bd.tcl
Generated Hardware Definition File f:/projet_m2/git/zynq-oc-analysis/mk1/mk1_implement/mk1_implement.gen/sources_1/bd/design_1/ip/design_1_axi_smc_2_0/bd_0/synth/design_1_axi_smc_2_0.hwdef
INFO: [BD 41-1029] Generation completed for the IP Integrator block axi_smc_2 .
WARNING: [IP_Flow 19-519] IP 'design_1_test_scalaire_0_3' detected a language mismatch between 'Verilog Simulation Wrapper' and 'VHDL Simulation' output products. Please check with the IP provider to see if this is expected.
INFO: [BD 41-1029] Generation completed for the IP Integrator block test_scalaire_0 .
WARNING: [IP_Flow 19-4994] Overwriting existing constraint file 'f:/projet_m2/git/zynq-oc-analysis/mk1/mk1_implement/mk1_implement.gen/sources_1/bd/design_1/ip/design_1_auto_pc_3/design_1_auto_pc_3_ooc.xdc'
INFO: [BD 41-1029] Generation completed for the IP Integrator block axi_interconnect_0/s00_couplers/auto_pc .
WARNING: [IP_Flow 19-4994] Overwriting existing constraint file 'f:/projet_m2/git/zynq-oc-analysis/mk1/mk1_implement/mk1_implement.gen/sources_1/bd/design_1/ip/design_1_auto_pc_0_1/design_1_auto_pc_0_ooc.xdc'
INFO: [BD 41-1029] Generation completed for the IP Integrator block axi_interconnect_0/m00_couplers/auto_pc .
WARNING: [IP_Flow 19-4994] Overwriting existing constraint file 'f:/projet_m2/git/zynq-oc-analysis/mk1/mk1_implement/mk1_implement.gen/sources_1/bd/design_1/ip/design_1_auto_cc_0/design_1_auto_cc_0_ooc.xdc'
INFO: [IP_Flow 19-5611] Unable to find an associated reset port for the interface 'S_AXI'. A default connection has been created.
INFO: [IP_Flow 19-5611] Unable to find an associated reset port for the interface 'M_AXI'. A default connection has been created.
INFO: [BD 41-1029] Generation completed for the IP Integrator block axi_interconnect_0/m01_couplers/auto_cc .
WARNING: [IP_Flow 19-4994] Overwriting existing constraint file 'f:/projet_m2/git/zynq-oc-analysis/mk1/mk1_implement/mk1_implement.gen/sources_1/bd/design_1/ip/design_1_auto_pc_1_1/design_1_auto_pc_1_ooc.xdc'
INFO: [BD 41-1029] Generation completed for the IP Integrator block axi_interconnect_0/m01_couplers/auto_pc .
WARNING: [IP_Flow 19-4994] Overwriting existing constraint file 'f:/projet_m2/git/zynq-oc-analysis/mk1/mk1_implement/mk1_implement.gen/sources_1/bd/design_1/ip/design_1_auto_pc_2/design_1_auto_pc_2_ooc.xdc'
INFO: [BD 41-1029] Generation completed for the IP Integrator block axi_interconnect_0/m05_couplers/auto_pc .
Exporting to file f:/projet_m2/git/zynq-oc-analysis/mk1/mk1_implement/mk1_implement.gen/sources_1/bd/design_1/hw_handoff/design_1.hwh
Generated Block Design Tcl file f:/projet_m2/git/zynq-oc-analysis/mk1/mk1_implement/mk1_implement.gen/sources_1/bd/design_1/hw_handoff/design_1_bd.tcl
Generated Hardware Definition File f:/projet_m2/git/zynq-oc-analysis/mk1/mk1_implement/mk1_implement.gen/sources_1/bd/design_1/synth/design_1.hwdef
generate_target: Time (s): cpu = 00:01:07 ; elapsed = 00:01:19 . Memory (MB): peak = 4177.801 ; gain = 28.348
catch { config_ip_cache -export [get_ips -all design_1_axi_smc_0] }
INFO: [IP_Flow 19-4993] Using cached IP synthesis design for IP design_1_axi_smc_0, cache-ID = 598715c0c5bb3f2d; cache size = 256.632 MB.
catch { config_ip_cache -export [get_ips -all design_1_axi_smc_1_0] }
INFO: [IP_Flow 19-4993] Using cached IP synthesis design for IP design_1_axi_smc_1_0, cache-ID = 62bc6cb2b52aab73; cache size = 256.632 MB.
catch { config_ip_cache -export [get_ips -all design_1_axi_smc_2_0] }
INFO: [IP_Flow 19-4993] Using cached IP synthesis design for IP design_1_axi_smc_2_0, cache-ID = 6a3e975a2163eb74; cache size = 256.632 MB.
catch { config_ip_cache -export [get_ips -all design_1_test_scalaire_0_3] }
catch { config_ip_cache -export [get_ips -all design_1_auto_pc_3] }
INFO: [IP_Flow 19-4993] Using cached IP synthesis design for IP design_1_auto_pc_3, cache-ID = 0215b430e2e7e786; cache size = 256.632 MB.
catch { config_ip_cache -export [get_ips -all design_1_auto_pc_0] }
INFO: [IP_Flow 19-4993] Using cached IP synthesis design for IP design_1_auto_pc_0, cache-ID = 5493cab152080ca4; cache size = 256.632 MB.
catch { config_ip_cache -export [get_ips -all design_1_auto_cc_0] }
INFO: [IP_Flow 19-4993] Using cached IP synthesis design for IP design_1_auto_cc_0, cache-ID = c659a062886948dc; cache size = 256.632 MB.
catch { config_ip_cache -export [get_ips -all design_1_auto_pc_1] }
INFO: [IP_Flow 19-4993] Using cached IP synthesis design for IP design_1_auto_pc_1, cache-ID = f215dcebfe0462e2; cache size = 256.632 MB.
catch { config_ip_cache -export [get_ips -all design_1_auto_pc_2] }
INFO: [IP_Flow 19-4993] Using cached IP synthesis design for IP design_1_auto_pc_2, cache-ID = 5493cab152080ca4; cache size = 256.632 MB.
export_ip_user_files -of_objects [get_files F:/projet_m2/git/zynq-oc-analysis/mk1/mk1_implement/mk1_implement.srcs/sources_1/bd/design_1/design_1.bd] -no_script -sync -force -quiet
create_ip_run [get_files -of_objects [get_fileset sources_1] F:/projet_m2/git/zynq-oc-analysis/mk1/mk1_implement/mk1_implement.srcs/sources_1/bd/design_1/design_1.bd]
launch_runs design_1_test_scalaire_0_3_synth_1 -jobs 10
[Thu Jan 27 11:12:31 2022] Launched design_1_test_scalaire_0_3_synth_1...
Run output will be captured here: F:/projet_m2/git/zynq-oc-analysis/mk1/mk1_implement/mk1_implement.runs/design_1_test_scalaire_0_3_synth_1/runme.log
export_simulation -of_objects [get_files F:/projet_m2/git/zynq-oc-analysis/mk1/mk1_implement/mk1_implement.srcs/sources_1/bd/design_1/design_1.bd] -directory F:/projet_m2/git/zynq-oc-analysis/mk1/mk1_implement/mk1_implement.ip_user_files/sim_scripts -ip_user_files_dir F:/projet_m2/git/zynq-oc-analysis/mk1/mk1_implement/mk1_implement.ip_user_files -ipstatic_source_dir F:/projet_m2/git/zynq-oc-analysis/mk1/mk1_implement/mk1_implement.ip_user_files/ipstatic -lib_map_path [list {modelsim=F:/projet_m2/git/zynq-oc-analysis/mk1/mk1_implement/mk1_implement.cache/compile_simlib/modelsim} {questa=F:/projet_m2/git/zynq-oc-analysis/mk1/mk1_implement/mk1_implement.cache/compile_simlib/questa} {riviera=F:/projet_m2/git/zynq-oc-analysis/mk1/mk1_implement/mk1_implement.cache/compile_simlib/riviera} {activehdl=F:/projet_m2/git/zynq-oc-analysis/mk1/mk1_implement/mk1_implement.cache/compile_simlib/activehdl}] -use_ip_compiled_libs -force -quiet
report_ip_status -name ip_status 
reset_run synth_1
WARNING: [Vivado 12-1017] Problems encountered:
1. Failed to delete one or more files in run directory F:/projet_m2/git/zynq-oc-analysis/mk1/mk1_implement/mk1_implement.runs/synth_1

launch_runs impl_1 -to_step write_bitstream -jobs 10
[Thu Jan 27 11:13:28 2022] Launched design_1_test_scalaire_0_3_synth_1, synth_1...
Run output will be captured here:
design_1_test_scalaire_0_3_synth_1: F:/projet_m2/git/zynq-oc-analysis/mk1/mk1_implement/mk1_implement.runs/design_1_test_scalaire_0_3_synth_1/runme.log
synth_1: F:/projet_m2/git/zynq-oc-analysis/mk1/mk1_implement/mk1_implement.runs/synth_1/runme.log
[Thu Jan 27 11:13:28 2022] Launched impl_1...
Run output will be captured here: F:/projet_m2/git/zynq-oc-analysis/mk1/mk1_implement/mk1_implement.runs/impl_1/runme.log
set_property PROBES.FILE {} [get_hw_devices xc7z010_1]
set_property FULL_PROBES.FILE {} [get_hw_devices xc7z010_1]
set_property PROGRAM.FILE {F:/projet_m2/git/zynq-oc-analysis/mk1/mk1_implement/mk1_implement.runs/impl_1/design_1_wrapper.bit} [get_hw_devices xc7z010_1]
program_hw_devices [get_hw_devices xc7z010_1]
INFO: [Labtools 27-3164] End of startup status: HIGH
refresh_hw_device [lindex [get_hw_devices xc7z010_1] 0]
INFO: [Labtools 27-1434] Device xc7z010 (JTAG device index = 1) is programmed with a design that has no supported debug core(s) in it.
close_hw_target {localhost:3121/xilinx_tcf/Digilent/210279653926A}
INFO: [Labtoolstcl 44-464] Closing hw_target localhost:3121/xilinx_tcf/Digilent/210279653926A
disconnect_hw_server localhost:3121
exit
INFO: [Common 17-206] Exiting Vivado at Thu Jan 27 19:50:25 2022...
