#-----------------------------------------------------------
# Vivado v2021.1 (64-bit)
# SW Build 3247384 on Thu Jun 10 19:36:33 MDT 2021
# IP Build 3246043 on Fri Jun 11 00:30:35 MDT 2021
# Start of session at: Thu Jan 27 10:15:08 2022
# Process ID: 20436
# Current directory: F:/projet_m2/git/zynq-oc-analysis/mk1/mk1_implement
# Command line: vivado.exe -gui_launcher_event rodinguilauncherevent18140 F:\projet_m2\git\zynq-oc-analysis\mk1\mk1_implement\mk1_implement.xpr
# Log file: F:/projet_m2/git/zynq-oc-analysis/mk1/mk1_implement/vivado.log
# Journal file: F:/projet_m2/git/zynq-oc-analysis/mk1/mk1_implement\vivado.jou
#-----------------------------------------------------------
start_gui
open_project F:/projet_m2/git/zynq-oc-analysis/mk1/mk1_implement/mk1_implement.xpr
Scanning sources...
Finished scanning sources
INFO: [IP_Flow 19-234] Refreshing IP repositories
INFO: [IP_Flow 19-1700] Loaded user IP repository 'f:/projet_m2/git/zynq-oc-analysis/ip_scalaire'.
INFO: [IP_Flow 19-2313] Loaded Vivado IP repository 'C:/Xilinx/Vivado/2021.1/data/ip'.
open_project: Time (s): cpu = 00:00:30 ; elapsed = 00:00:42 . Memory (MB): peak = 1536.086 ; gain = 313.656
update_compile_order -fileset sources_1
open_bd_design {F:/projet_m2/git/zynq-oc-analysis/mk1/mk1_implement/mk1_implement.srcs/sources_1/bd/design_1/design_1.bd}
Reading block design file <F:/projet_m2/git/zynq-oc-analysis/mk1/mk1_implement/mk1_implement.srcs/sources_1/bd/design_1/design_1.bd>...
Adding component instance block -- xilinx.com:ip:processing_system7:5.5 - processing_system7_0
Adding component instance block -- xilinx.com:ip:proc_sys_reset:5.0 - rst_ps7_0_100M
Adding component instance block -- xilinx.com:ip:clk_wiz:6.0 - clk_wiz_0
Adding component instance block -- xilinx.com:ip:axi_interconnect:2.1 - axi_interconnect_0
Adding component instance block -- xilinx.com:ip:axi_crossbar:2.1 - xbar
Adding component instance block -- xilinx.com:ip:axi_protocol_converter:2.1 - auto_pc
Adding component instance block -- xilinx.com:ip:axi_protocol_converter:2.1 - auto_pc
Adding component instance block -- xilinx.com:ip:axi_clock_converter:2.1 - auto_cc
Adding component instance block -- xilinx.com:ip:axi_protocol_converter:2.1 - auto_pc
Adding component instance block -- xilinx.com:ip:axi_protocol_converter:2.1 - auto_pc
Adding component instance block -- xilinx.com:ip:proc_sys_reset:5.0 - proc_sys_reset_0
Adding component instance block -- xilinx.com:ip:blk_mem_gen:8.4 - blk_mem_gen_0
Adding component instance block -- xilinx.com:ip:blk_mem_gen:8.4 - blk_mem_gen_1
Adding component instance block -- xilinx.com:ip:blk_mem_gen:8.4 - blk_mem_gen_2
Adding component instance block -- xilinx.com:ip:axi_bram_ctrl:4.1 - axi_bram_ctrl_0
Adding component instance block -- xilinx.com:ip:axi_bram_ctrl:4.1 - axi_bram_ctrl_1
Adding component instance block -- xilinx.com:ip:axi_bram_ctrl:4.1 - axi_bram_ctrl_2
Adding component instance block -- xilinx.com:ip:axi_bram_ctrl:4.1 - axi_bram_ctrl_3
Adding component instance block -- xilinx.com:ip:axi_bram_ctrl:4.1 - axi_bram_ctrl_4
Adding component instance block -- xilinx.com:ip:axi_bram_ctrl:4.1 - axi_bram_ctrl_5
Adding component instance block -- xilinx.com:ip:smartconnect:1.0 - axi_smc
Adding component instance block -- xilinx.com:ip:smartconnect:1.0 - axi_smc_1
Adding component instance block -- xilinx.com:ip:smartconnect:1.0 - axi_smc_2
Adding component instance block -- xilinx.com:module_ref:comp_32:1.0 - comp_32_0
Adding component instance block -- xilinx.com:ip:xadc_wiz:3.3 - xadc_wiz_0
Adding component instance block -- xilinx.com:hls:test_scalaire:1.1 - test_scalaire_0
Successfully read diagram <design_1> from block design file <F:/projet_m2/git/zynq-oc-analysis/mk1/mk1_implement/mk1_implement.srcs/sources_1/bd/design_1/design_1.bd>
open_bd_design: Time (s): cpu = 00:00:12 ; elapsed = 00:00:15 . Memory (MB): peak = 1715.848 ; gain = 108.168
WARNING: [IP_Flow 19-4318] IP-XACT file does not exist: f:/projet_m2/git/zynq-oc-analysis/ip_scalaire/ip_scalaire/impl/ip/component.xml. It will be created.
update_ip_catalog -rebuild -scan_changes
INFO: [IP_Flow 19-234] Refreshing IP repositories
INFO: [IP_Flow 19-1700] Loaded user IP repository 'f:/projet_m2/git/zynq-oc-analysis/ip_scalaire'.
