#-----------------------------------------------------------
# Vivado v2021.1 (64-bit)
# SW Build 3247384 on Thu Jun 10 19:36:33 MDT 2021
# IP Build 3246043 on Fri Jun 11 00:30:35 MDT 2021
# Start of session at: Sun Nov  7 23:45:32 2021
# Process ID: 27996
# Current directory: F:/projet_m2/mk1/mk1_implement
# Command line: vivado.exe -gui_launcher_event rodinguilauncherevent6752 F:\projet_m2\mk1\mk1_implement\mk1_implement.xpr
# Log file: F:/projet_m2/mk1/mk1_implement/vivado.log
# Journal file: F:/projet_m2/mk1/mk1_implement\vivado.jou
#-----------------------------------------------------------
start_gui
open_project F:/projet_m2/mk1/mk1_implement/mk1_implement.xpr
Scanning sources...
Finished scanning sources
INFO: [IP_Flow 19-234] Refreshing IP repositories
INFO: [IP_Flow 19-1700] Loaded user IP repository 'f:/projet_m2/mk1/mk1/solution1/impl'.
INFO: [IP_Flow 19-2313] Loaded Vivado IP repository 'C:/Xilinx/Vivado/2021.1/data/ip'.
open_project: Time (s): cpu = 00:00:25 ; elapsed = 00:00:39 . Memory (MB): peak = 1498.680 ; gain = 305.434
open_hw_manager
update_compile_order -fileset sources_1
connect_hw_server -allow_non_jtag
INFO: [Labtools 27-2285] Connecting to hw_server url TCP:localhost:3121
INFO: [Labtools 27-2222] Launching hw_server...
INFO: [Labtools 27-2221] Launch Output:

****** Xilinx hw_server v2021.1
  **** Build date : Jun 10 2021 at 20:17:23
    ** Copyright 1986-2021 Xilinx, Inc. All Rights Reserved.


INFO: [Labtools 27-3415] Connecting to cs_server url TCP:localhost:3042
INFO: [Labtools 27-3417] Launching cs_server...
INFO: [Labtools 27-2221] Launch Output:


******** Xilinx cs_server v2021.1
  ****** Build date   : May 26 2021-19:32:33
    **** Build number : 2021.1.1622050353
      ** Copyright 2017-2021 Xilinx, Inc. All Rights Reserved.



connect_hw_server: Time (s): cpu = 00:00:03 ; elapsed = 00:00:12 . Memory (MB): peak = 1540.363 ; gain = 0.000
open_hw_target
INFO: [Labtoolstcl 44-466] Opening hw_target localhost:3121/xilinx_tcf/Digilent/210279653926A
open_hw_target: Time (s): cpu = 00:00:06 ; elapsed = 00:00:12 . Memory (MB): peak = 3283.281 ; gain = 1742.918
set_property PROGRAM.FILE {F:/projet_m2/mk1/mk1_implement/mk1_implement.runs/impl_1/design_1_wrapper.bit} [get_hw_devices xc7z010_1]
current_hw_device [get_hw_devices xc7z010_1]
refresh_hw_device -update_hw_probes false [lindex [get_hw_devices xc7z010_1] 0]
INFO: [Labtools 27-1434] Device xc7z010 (JTAG device index = 1) is programmed with a design that has no supported debug core(s) in it.
set_property PROBES.FILE {} [get_hw_devices xc7z010_1]
set_property FULL_PROBES.FILE {} [get_hw_devices xc7z010_1]
set_property PROGRAM.FILE {F:/projet_m2/mk1/mk1_implement/mk1_implement.runs/impl_1/design_1_wrapper.bit} [get_hw_devices xc7z010_1]
program_hw_devices [get_hw_devices xc7z010_1]
INFO: [Labtools 27-3164] End of startup status: HIGH
refresh_hw_device [lindex [get_hw_devices xc7z010_1] 0]
INFO: [Labtools 27-1434] Device xc7z010 (JTAG device index = 1) is programmed with a design that has no supported debug core(s) in it.
open_bd_design {F:/projet_m2/mk1/mk1_implement/mk1_implement.srcs/sources_1/bd/design_1/design_1.bd}
Reading block design file <F:/projet_m2/mk1/mk1_implement/mk1_implement.srcs/sources_1/bd/design_1/design_1.bd>...
Adding component instance block -- xilinx.com:ip:processing_system7:5.5 - processing_system7_0
Adding component instance block -- xilinx.com:ip:axi_interconnect:2.1 - axi_mem_intercon
Adding component instance block -- xilinx.com:ip:axi_protocol_converter:2.1 - auto_pc
Adding component instance block -- xilinx.com:ip:axi_dwidth_converter:2.1 - auto_us
Adding component instance block -- xilinx.com:ip:axi_clock_converter:2.1 - auto_cc
Adding component instance block -- xilinx.com:ip:proc_sys_reset:5.0 - rst_ps7_0_100M
Adding component instance block -- xilinx.com:ip:axi_interconnect:2.1 - axi_mem_intercon_1
Adding component instance block -- xilinx.com:ip:axi_protocol_converter:2.1 - auto_pc
Adding component instance block -- xilinx.com:ip:axi_dwidth_converter:2.1 - auto_us
Adding component instance block -- xilinx.com:ip:axi_clock_converter:2.1 - auto_cc
Adding component instance block -- xilinx.com:ip:axi_interconnect:2.1 - axi_mem_intercon_2
Adding component instance block -- xilinx.com:ip:axi_protocol_converter:2.1 - auto_pc
Adding component instance block -- xilinx.com:ip:axi_dwidth_converter:2.1 - auto_us
Adding component instance block -- xilinx.com:ip:axi_clock_converter:2.1 - auto_cc
Adding component instance block -- xilinx.com:ip:axi_interconnect:2.1 - ps7_0_axi_periph
Adding component instance block -- xilinx.com:ip:axi_clock_converter:2.1 - auto_cc
Adding component instance block -- xilinx.com:ip:clk_wiz:6.0 - clk_wiz_0
Adding component instance block -- xilinx.com:ip:axi_interconnect:2.1 - axi_interconnect_0
Adding component instance block -- xilinx.com:ip:axi_crossbar:2.1 - xbar
Adding component instance block -- xilinx.com:ip:axi_protocol_converter:2.1 - auto_pc
Adding component instance block -- xilinx.com:ip:proc_sys_reset:5.0 - proc_sys_reset_0
Adding component instance block -- xilinx.com:hls:test_scalaire:1.0 - test_scalaire_0
Successfully read diagram <design_1> from block design file <F:/projet_m2/mk1/mk1_implement/mk1_implement.srcs/sources_1/bd/design_1/design_1.bd>
open_bd_design: Time (s): cpu = 00:00:07 ; elapsed = 00:00:11 . Memory (MB): peak = 3450.871 ; gain = 130.113
INFO: [Common 17-1671] Browser was opened to: http://localhost:8088?key=pSfHSx
exit
INFO: [Common 17-206] Exiting Vivado at Mon Nov  8 00:51:41 2021...
